#
# There is insufficient memory for the Java Runtime Environment to continue.
# Native memory allocation (malloc) failed to allocate 32744 bytes for ChunkPool::allocate
# Possible reasons:
#   The system is out of physical RAM or swap space
#   The process is running with CompressedOops enabled, and the Java Heap may be blocking the growth of the native heap
# Possible solutions:
#   Reduce memory load on the system
#   Increase physical memory or swap space
#   Check if swap backing store is full
#   Decrease Java heap size (-Xmx/-Xms)
#   Decrease number of Java threads
#   Decrease Java thread stack sizes (-Xss)
#   Set larger code cache with -XX:ReservedCodeCacheSize=
#   JVM is running with Zero Based Compressed Oops mode in which the Java heap is
#     placed in the first 32GB address space. The Java Heap base address is the
#     maximum limit for the native heap growth. Please use -XX:HeapBaseMinAddress
#     to set the Java Heap base and to place the Java Heap above 32GB virtual address.
# This output file may be truncated or incomplete.
#
#  Out of Memory Error (./open/src/hotspot/share/memory/arena.cpp:81), pid=7372, tid=532
#
# JRE version: Java(TM) SE Runtime Environment 18.9 (11.0.12+8) (build 11.0.12+8-LTS-237)
# Java VM: Java HotSpot(TM) 64-Bit Server VM 18.9 (11.0.12+8-LTS-237, mixed mode, tiered, compressed oops, g1 gc, windows-amd64)
# No core dump will be written. Minidumps are not enabled by default on client versions of Windows
#

---------------  S U M M A R Y ------------

Command Line: -javaagent:C:\Program Files\JetBrains\IntelliJ IDEA Community Edition 2021.2.1\lib\idea_rt.jar=51400:C:\Program Files\JetBrains\IntelliJ IDEA Community Edition 2021.2.1\bin -Dfile.encoding=UTF-8 com.dh.clinica.ClinicaOdontologicaApplication

Host: Intel(R) Core(TM) i5-4200M CPU @ 2.50GHz, 4 cores, 11G,  Windows 10 , 64 bit Build 19041 (10.0.19041.1645)
Time: Tue Apr 19 19:47:15 2022 Hora estándar de Argentina elapsed time: 17.348742 seconds (0d 0h 0m 17s)

---------------  T H R E A D  ---------------

Current thread (0x000002777249c800):  JavaThread "C1 CompilerThread0" daemon [_thread_in_native, id=532, stack(0x000000e131700000,0x000000e131800000)]


Current CompileTask:
C1:  17348 6076       2       com.fasterxml.classmate.util.ClassStack::<init> (15 bytes)

Stack: [0x000000e131700000,0x000000e131800000]
Native frames: (J=compiled Java code, j=interpreted, Vv=VM code, C=native code)
V  [jvm.dll+0x617d9a]
V  [jvm.dll+0x74eeef]
V  [jvm.dll+0x750599]
V  [jvm.dll+0x750c23]
V  [jvm.dll+0x2438d8]
V  [jvm.dll+0xba93b]
V  [jvm.dll+0xbac9c]
V  [jvm.dll+0xc64ea]
V  [jvm.dll+0x14d2ab]
V  [jvm.dll+0x14babe]
V  [jvm.dll+0x1380a0]
V  [jvm.dll+0x1204f9]
V  [jvm.dll+0x11fdff]
V  [jvm.dll+0x12002f]
V  [jvm.dll+0x11f2d7]
V  [jvm.dll+0x1211e7]
V  [jvm.dll+0x20b87c]
V  [jvm.dll+0x20997b]
V  [jvm.dll+0x716359]
V  [jvm.dll+0x70f064]
V  [jvm.dll+0x616f66]
C  [ucrtbase.dll+0x21bb2]
C  [KERNEL32.DLL+0x17034]
C  [ntdll.dll+0x52651]


---------------  P R O C E S S  ---------------

Threads class SMR info:
_java_thread_list=0x00000277758cac00, length=29, elements={
0x00000277510d6800, 0x0000027771c10000, 0x0000027772449000, 0x0000027771c17800,
0x0000027771c1c800, 0x0000027771c1d800, 0x0000027772494800, 0x000002777249c800,
0x00000277724ee000, 0x0000027772613000, 0x0000027772753000, 0x0000027773405800,
0x0000027776cd7800, 0x00000277774da000, 0x0000027778774800, 0x0000027777399000,
0x0000027773965000, 0x0000027773e7d000, 0x0000027773e7c000, 0x0000027773e7b800,
0x0000027773e7d800, 0x00000277795d6800, 0x00000277795d6000, 0x00000277795d8000,
0x00000277795d7800, 0x00000277795d9000, 0x00000277795d3800, 0x00000277795da000,
0x00000277795d4000
}

Java Threads: ( => current thread )
  0x00000277510d6800 JavaThread "main" [_thread_in_vm, id=7512, stack(0x000000e130a00000,0x000000e130b00000)]
  0x0000027771c10000 JavaThread "Reference Handler" daemon [_thread_blocked, id=15872, stack(0x000000e131100000,0x000000e131200000)]
  0x0000027772449000 JavaThread "Finalizer" daemon [_thread_blocked, id=6600, stack(0x000000e131200000,0x000000e131300000)]
  0x0000027771c17800 JavaThread "Signal Dispatcher" daemon [_thread_blocked, id=5868, stack(0x000000e131300000,0x000000e131400000)]
  0x0000027771c1c800 JavaThread "Attach Listener" daemon [_thread_blocked, id=9576, stack(0x000000e131400000,0x000000e131500000)]
  0x0000027771c1d800 JavaThread "Service Thread" daemon [_thread_blocked, id=8224, stack(0x000000e131500000,0x000000e131600000)]
  0x0000027772494800 JavaThread "C2 CompilerThread0" daemon [_thread_in_native, id=9832, stack(0x000000e131600000,0x000000e131700000)]
=>0x000002777249c800 JavaThread "C1 CompilerThread0" daemon [_thread_in_native, id=532, stack(0x000000e131700000,0x000000e131800000)]
  0x00000277724ee000 JavaThread "Sweeper thread" daemon [_thread_blocked, id=14100, stack(0x000000e131800000,0x000000e131900000)]
  0x0000027772613000 JavaThread "Common-Cleaner" daemon [_thread_blocked, id=11384, stack(0x000000e131900000,0x000000e131a00000)]
  0x0000027772753000 JavaThread "Monitor Ctrl-Break" daemon [_thread_in_native, id=15780, stack(0x000000e131a00000,0x000000e131b00000)]
  0x0000027773405800 JavaThread "C2 CompilerThread1" daemon [_thread_in_native, id=14536, stack(0x000000e132000000,0x000000e132100000)]
  0x0000027776cd7800 JavaThread "MVStore background writer nio:C:/Users/Usuario/clinicadental.mv.db" daemon [_thread_blocked, id=13920, stack(0x000000e132100000,0x000000e132200000)]
  0x00000277774da000 JavaThread "HikariPool-1 housekeeper" daemon [_thread_blocked, id=13656, stack(0x000000e132200000,0x000000e132300000)]
  0x0000027778774800 JavaThread "Catalina-utility-1" [_thread_blocked, id=6760, stack(0x000000e132400000,0x000000e132500000)]
  0x0000027777399000 JavaThread "Catalina-utility-2" [_thread_blocked, id=10308, stack(0x000000e132500000,0x000000e132600000)]
  0x0000027773965000 JavaThread "container-0" [_thread_blocked, id=9008, stack(0x000000e132600000,0x000000e132700000)]
  0x0000027773e7d000 JavaThread "http-nio-8080-exec-1" daemon [_thread_blocked, id=2128, stack(0x000000e132300000,0x000000e132400000)]
  0x0000027773e7c000 JavaThread "http-nio-8080-exec-2" daemon [_thread_blocked, id=9944, stack(0x000000e132700000,0x000000e132800000)]
  0x0000027773e7b800 JavaThread "http-nio-8080-exec-3" daemon [_thread_blocked, id=11060, stack(0x000000e132800000,0x000000e132900000)]
  0x0000027773e7d800 JavaThread "http-nio-8080-exec-4" daemon [_thread_blocked, id=14028, stack(0x000000e132900000,0x000000e132a00000)]
  0x00000277795d6800 JavaThread "http-nio-8080-exec-5" daemon [_thread_blocked, id=11852, stack(0x000000e132a00000,0x000000e132b00000)]
  0x00000277795d6000 JavaThread "http-nio-8080-exec-6" daemon [_thread_blocked, id=17688, stack(0x000000e132b00000,0x000000e132c00000)]
  0x00000277795d8000 JavaThread "http-nio-8080-exec-7" daemon [_thread_blocked, id=2040, stack(0x000000e132c00000,0x000000e132d00000)]
  0x00000277795d7800 JavaThread "http-nio-8080-exec-8" daemon [_thread_blocked, id=8084, stack(0x000000e132d00000,0x000000e132e00000)]
  0x00000277795d9000 JavaThread "http-nio-8080-exec-9" daemon [_thread_blocked, id=7648, stack(0x000000e132e00000,0x000000e132f00000)]
  0x00000277795d3800 JavaThread "http-nio-8080-exec-10" daemon [_thread_blocked, id=3924, stack(0x000000e132f00000,0x000000e133000000)]
  0x00000277795da000 JavaThread "http-nio-8080-Poller" daemon [_thread_in_native, id=8464, stack(0x000000e133000000,0x000000e133100000)]
  0x00000277795d4000 JavaThread "http-nio-8080-Acceptor" daemon [_thread_in_native, id=3476, stack(0x000000e133100000,0x000000e133200000)]

Other Threads:
  0x0000027771c0b800 VMThread "VM Thread" [stack: 0x000000e131000000,0x000000e131100000] [id=7100]
  0x0000027772db8800 WatcherThread [stack: 0x000000e131b00000,0x000000e131c00000] [id=13116]
  0x00000277510ed000 GCTaskThread "GC Thread#0" [stack: 0x000000e130b00000,0x000000e130c00000] [id=10900]
  0x0000027772f73000 GCTaskThread "GC Thread#1" [stack: 0x000000e131c00000,0x000000e131d00000] [id=15576]
  0x0000027772ffa800 GCTaskThread "GC Thread#2" [stack: 0x000000e131d00000,0x000000e131e00000] [id=7608]
  0x0000027772ff7800 GCTaskThread "GC Thread#3" [stack: 0x000000e131e00000,0x000000e131f00000] [id=6320]
  0x0000027751133000 ConcurrentGCThread "G1 Main Marker" [stack: 0x000000e130c00000,0x000000e130d00000] [id=12572]
  0x0000027751134000 ConcurrentGCThread "G1 Conc#0" [stack: 0x000000e130d00000,0x000000e130e00000] [id=18672]
  0x0000027771a73800 ConcurrentGCThread "G1 Refine#0" [stack: 0x000000e130e00000,0x000000e130f00000] [id=9152]
  0x00000277727e5000 ConcurrentGCThread "G1 Refine#1" [stack: 0x000000e131f00000,0x000000e132000000] [id=14444]
  0x0000027771a74800 ConcurrentGCThread "G1 Young RemSet Sampling" [stack: 0x000000e130f00000,0x000000e131000000] [id=13144]

Threads with active compile tasks:
C2 CompilerThread0  17392 5011       4       org.springframework.core.BridgeMethodResolver::findBridgedMethod (117 bytes)
C1 CompilerThread0  17392 6076       2       com.fasterxml.classmate.util.ClassStack::<init> (15 bytes)
C2 CompilerThread1  17392 5811   !   4       org.springframework.core.annotation.AnnotationsScanner::processClassHierarchy (227 bytes)

VM state:not at safepoint (normal execution)

VM Mutex/Monitor currently owned by a thread: None

Heap address: 0x0000000741600000, size: 3050 MB, Compressed Oops mode: Zero based, Oop shift amount: 3
Narrow klass base: 0x0000000800000000, Narrow klass shift: 0
Compressed class space size: 1073741824 Address: 0x0000000800000000

Heap:
 garbage-first heap   total 236544K, used 144591K [0x0000000741600000, 0x0000000800000000)
  region size 1024K, 129 young (132096K), 11 survivors (11264K)
 Metaspace       used 71261K, capacity 73096K, committed 73216K, reserved 1112064K
  class space    used 8958K, capacity 9674K, committed 9728K, reserved 1048576K
Heap Regions: E=young(eden), S=young(survivor), O=old, HS=humongous(starts), HC=humongous(continues), CS=collection set, F=free, A=archive, TAMS=top-at-mark-start (previous, next)
|   0|0x0000000741600000, 0x0000000741700000, 0x0000000741700000|100%|HS|  |TAMS 0x0000000741700000, 0x0000000741600000| Complete 
|   1|0x0000000741700000, 0x0000000741800000, 0x0000000741800000|100%| O|  |TAMS 0x0000000741800000, 0x0000000741700000| Untracked 
|   2|0x0000000741800000, 0x0000000741900000, 0x0000000741900000|100%| O|  |TAMS 0x0000000741900000, 0x0000000741800000| Untracked 
|   3|0x0000000741900000, 0x0000000741a00000, 0x0000000741a00000|100%| O|  |TAMS 0x0000000741a00000, 0x0000000741900000| Untracked 
|   4|0x0000000741a00000, 0x0000000741b00000, 0x0000000741b00000|100%| O|  |TAMS 0x0000000741b00000, 0x0000000741a00000| Untracked 
|   5|0x0000000741b00000, 0x0000000741c00000, 0x0000000741c00000|100%| O|  |TAMS 0x0000000741c00000, 0x0000000741b00000| Untracked 
|   6|0x0000000741c00000, 0x0000000741d00000, 0x0000000741d00000|100%| O|  |TAMS 0x0000000741d00000, 0x0000000741c00000| Untracked 
|   7|0x0000000741d00000, 0x0000000741e00000, 0x0000000741e00000|100%| O|  |TAMS 0x0000000741e00000, 0x0000000741d00000| Untracked 
|   8|0x0000000741e00000, 0x0000000741f00000, 0x0000000741f00000|100%|HS|  |TAMS 0x0000000741f00000, 0x0000000741e00000| Complete 
|   9|0x0000000741f00000, 0x0000000742000000, 0x0000000742000000|100%|HC|  |TAMS 0x0000000742000000, 0x0000000741f00000| Complete 
|  10|0x0000000742000000, 0x0000000742100000, 0x0000000742100000|100%| O|  |TAMS 0x0000000742100000, 0x0000000742000000| Untracked 
|  11|0x0000000742100000, 0x0000000742200000, 0x0000000742200000|100%| O|  |TAMS 0x0000000742200000, 0x0000000742100000| Untracked 
|  12|0x0000000742200000, 0x0000000742300000, 0x0000000742300000|100%| O|  |TAMS 0x0000000742300000, 0x0000000742200000| Untracked 
|  13|0x0000000742300000, 0x00000007423d3600, 0x0000000742400000| 82%| O|  |TAMS 0x00000007423d3600, 0x0000000742300000| Untracked 
|  14|0x0000000742400000, 0x0000000742400000, 0x0000000742500000|  0%| F|  |TAMS 0x0000000742400000, 0x0000000742400000| Untracked 
|  15|0x0000000742500000, 0x0000000742500000, 0x0000000742600000|  0%| F|  |TAMS 0x0000000742500000, 0x0000000742500000| Untracked 
|  16|0x0000000742600000, 0x0000000742600000, 0x0000000742700000|  0%| F|  |TAMS 0x0000000742600000, 0x0000000742600000| Untracked 
|  17|0x0000000742700000, 0x0000000742700000, 0x0000000742800000|  0%| F|  |TAMS 0x0000000742700000, 0x0000000742700000| Untracked 
|  18|0x0000000742800000, 0x0000000742800000, 0x0000000742900000|  0%| F|  |TAMS 0x0000000742800000, 0x0000000742800000| Untracked 
|  19|0x0000000742900000, 0x0000000742900000, 0x0000000742a00000|  0%| F|  |TAMS 0x0000000742900000, 0x0000000742900000| Untracked 
|  20|0x0000000742a00000, 0x0000000742a00000, 0x0000000742b00000|  0%| F|  |TAMS 0x0000000742a00000, 0x0000000742a00000| Untracked 
|  21|0x0000000742b00000, 0x0000000742b00000, 0x0000000742c00000|  0%| F|  |TAMS 0x0000000742b00000, 0x0000000742b00000| Untracked 
|  22|0x0000000742c00000, 0x0000000742c00000, 0x0000000742d00000|  0%| F|  |TAMS 0x0000000742c00000, 0x0000000742c00000| Untracked 
|  23|0x0000000742d00000, 0x0000000742d00000, 0x0000000742e00000|  0%| F|  |TAMS 0x0000000742d00000, 0x0000000742d00000| Untracked 
|  24|0x0000000742e00000, 0x0000000742e00000, 0x0000000742f00000|  0%| F|  |TAMS 0x0000000742e00000, 0x0000000742e00000| Untracked 
|  25|0x0000000742f00000, 0x0000000742f00000, 0x0000000743000000|  0%| F|  |TAMS 0x0000000742f00000, 0x0000000742f00000| Untracked 
|  26|0x0000000743000000, 0x0000000743000000, 0x0000000743100000|  0%| F|  |TAMS 0x0000000743000000, 0x0000000743000000| Untracked 
|  27|0x0000000743100000, 0x0000000743100000, 0x0000000743200000|  0%| F|  |TAMS 0x0000000743100000, 0x0000000743100000| Untracked 
|  28|0x0000000743200000, 0x0000000743200000, 0x0000000743300000|  0%| F|  |TAMS 0x0000000743200000, 0x0000000743200000| Untracked 
|  29|0x0000000743300000, 0x0000000743300000, 0x0000000743400000|  0%| F|  |TAMS 0x0000000743300000, 0x0000000743300000| Untracked 
|  30|0x0000000743400000, 0x0000000743400000, 0x0000000743500000|  0%| F|  |TAMS 0x0000000743400000, 0x0000000743400000| Untracked 
|  31|0x0000000743500000, 0x0000000743500000, 0x0000000743600000|  0%| F|  |TAMS 0x0000000743500000, 0x0000000743500000| Untracked 
|  32|0x0000000743600000, 0x0000000743600000, 0x0000000743700000|  0%| F|  |TAMS 0x0000000743600000, 0x0000000743600000| Untracked 
|  33|0x0000000743700000, 0x0000000743700000, 0x0000000743800000|  0%| F|  |TAMS 0x0000000743700000, 0x0000000743700000| Untracked 
|  34|0x0000000743800000, 0x0000000743800000, 0x0000000743900000|  0%| F|  |TAMS 0x0000000743800000, 0x0000000743800000| Untracked 
|  35|0x0000000743900000, 0x0000000743900000, 0x0000000743a00000|  0%| F|  |TAMS 0x0000000743900000, 0x0000000743900000| Untracked 
|  36|0x0000000743a00000, 0x0000000743a00000, 0x0000000743b00000|  0%| F|  |TAMS 0x0000000743a00000, 0x0000000743a00000| Untracked 
|  37|0x0000000743b00000, 0x0000000743b00000, 0x0000000743c00000|  0%| F|  |TAMS 0x0000000743b00000, 0x0000000743b00000| Untracked 
|  38|0x0000000743c00000, 0x0000000743c00000, 0x0000000743d00000|  0%| F|  |TAMS 0x0000000743c00000, 0x0000000743c00000| Untracked 
|  39|0x0000000743d00000, 0x0000000743d00000, 0x0000000743e00000|  0%| F|  |TAMS 0x0000000743d00000, 0x0000000743d00000| Untracked 
|  40|0x0000000743e00000, 0x0000000743e00000, 0x0000000743f00000|  0%| F|  |TAMS 0x0000000743e00000, 0x0000000743e00000| Untracked 
|  41|0x0000000743f00000, 0x0000000743f00000, 0x0000000744000000|  0%| F|  |TAMS 0x0000000743f00000, 0x0000000743f00000| Untracked 
|  42|0x0000000744000000, 0x0000000744000000, 0x0000000744100000|  0%| F|  |TAMS 0x0000000744000000, 0x0000000744000000| Untracked 
|  43|0x0000000744100000, 0x0000000744100000, 0x0000000744200000|  0%| F|  |TAMS 0x0000000744100000, 0x0000000744100000| Untracked 
|  44|0x0000000744200000, 0x0000000744200000, 0x0000000744300000|  0%| F|  |TAMS 0x0000000744200000, 0x0000000744200000| Untracked 
|  45|0x0000000744300000, 0x0000000744300000, 0x0000000744400000|  0%| F|  |TAMS 0x0000000744300000, 0x0000000744300000| Untracked 
|  46|0x0000000744400000, 0x0000000744400000, 0x0000000744500000|  0%| F|  |TAMS 0x0000000744400000, 0x0000000744400000| Untracked 
|  47|0x0000000744500000, 0x0000000744500000, 0x0000000744600000|  0%| F|  |TAMS 0x0000000744500000, 0x0000000744500000| Untracked 
|  48|0x0000000744600000, 0x0000000744600000, 0x0000000744700000|  0%| F|  |TAMS 0x0000000744600000, 0x0000000744600000| Untracked 
|  49|0x0000000744700000, 0x0000000744700000, 0x0000000744800000|  0%| F|  |TAMS 0x0000000744700000, 0x0000000744700000| Untracked 
|  50|0x0000000744800000, 0x0000000744800000, 0x0000000744900000|  0%| F|  |TAMS 0x0000000744800000, 0x0000000744800000| Untracked 
|  51|0x0000000744900000, 0x0000000744900000, 0x0000000744a00000|  0%| F|  |TAMS 0x0000000744900000, 0x0000000744900000| Untracked 
|  52|0x0000000744a00000, 0x0000000744a00000, 0x0000000744b00000|  0%| F|  |TAMS 0x0000000744a00000, 0x0000000744a00000| Untracked 
|  53|0x0000000744b00000, 0x0000000744b00000, 0x0000000744c00000|  0%| F|  |TAMS 0x0000000744b00000, 0x0000000744b00000| Untracked 
|  54|0x0000000744c00000, 0x0000000744c00000, 0x0000000744d00000|  0%| F|  |TAMS 0x0000000744c00000, 0x0000000744c00000| Untracked 
|  55|0x0000000744d00000, 0x0000000744d00000, 0x0000000744e00000|  0%| F|  |TAMS 0x0000000744d00000, 0x0000000744d00000| Untracked 
|  56|0x0000000744e00000, 0x0000000744e00000, 0x0000000744f00000|  0%| F|  |TAMS 0x0000000744e00000, 0x0000000744e00000| Untracked 
|  57|0x0000000744f00000, 0x0000000744f00000, 0x0000000745000000|  0%| F|  |TAMS 0x0000000744f00000, 0x0000000744f00000| Untracked 
|  58|0x0000000745000000, 0x0000000745000000, 0x0000000745100000|  0%| F|  |TAMS 0x0000000745000000, 0x0000000745000000| Untracked 
|  59|0x0000000745100000, 0x0000000745100000, 0x0000000745200000|  0%| F|  |TAMS 0x0000000745100000, 0x0000000745100000| Untracked 
|  60|0x0000000745200000, 0x0000000745200000, 0x0000000745300000|  0%| F|  |TAMS 0x0000000745200000, 0x0000000745200000| Untracked 
|  61|0x0000000745300000, 0x0000000745300000, 0x0000000745400000|  0%| F|  |TAMS 0x0000000745300000, 0x0000000745300000| Untracked 
|  62|0x0000000745400000, 0x0000000745400000, 0x0000000745500000|  0%| F|  |TAMS 0x0000000745400000, 0x0000000745400000| Untracked 
|  63|0x0000000745500000, 0x0000000745500000, 0x0000000745600000|  0%| F|  |TAMS 0x0000000745500000, 0x0000000745500000| Untracked 
|  64|0x0000000745600000, 0x0000000745600000, 0x0000000745700000|  0%| F|  |TAMS 0x0000000745600000, 0x0000000745600000| Untracked 
|  65|0x0000000745700000, 0x0000000745700000, 0x0000000745800000|  0%| F|  |TAMS 0x0000000745700000, 0x0000000745700000| Untracked 
|  66|0x0000000745800000, 0x0000000745800000, 0x0000000745900000|  0%| F|  |TAMS 0x0000000745800000, 0x0000000745800000| Untracked 
|  67|0x0000000745900000, 0x0000000745900000, 0x0000000745a00000|  0%| F|  |TAMS 0x0000000745900000, 0x0000000745900000| Untracked 
|  68|0x0000000745a00000, 0x0000000745a00000, 0x0000000745b00000|  0%| F|  |TAMS 0x0000000745a00000, 0x0000000745a00000| Untracked 
|  69|0x0000000745b00000, 0x0000000745b00000, 0x0000000745c00000|  0%| F|  |TAMS 0x0000000745b00000, 0x0000000745b00000| Untracked 
|  70|0x0000000745c00000, 0x0000000745c00000, 0x0000000745d00000|  0%| F|  |TAMS 0x0000000745c00000, 0x0000000745c00000| Untracked 
|  71|0x0000000745d00000, 0x0000000745d00000, 0x0000000745e00000|  0%| F|  |TAMS 0x0000000745d00000, 0x0000000745d00000| Untracked 
|  72|0x0000000745e00000, 0x0000000745e00000, 0x0000000745f00000|  0%| F|  |TAMS 0x0000000745e00000, 0x0000000745e00000| Untracked 
|  73|0x0000000745f00000, 0x0000000745f00000, 0x0000000746000000|  0%| F|  |TAMS 0x0000000745f00000, 0x0000000745f00000| Untracked 
|  74|0x0000000746000000, 0x0000000746000000, 0x0000000746100000|  0%| F|  |TAMS 0x0000000746000000, 0x0000000746000000| Untracked 
|  75|0x0000000746100000, 0x0000000746100000, 0x0000000746200000|  0%| F|  |TAMS 0x0000000746100000, 0x0000000746100000| Untracked 
|  76|0x0000000746200000, 0x0000000746260630, 0x0000000746300000| 37%| S|CS|TAMS 0x0000000746200000, 0x0000000746200000| Complete 
|  77|0x0000000746300000, 0x0000000746400000, 0x0000000746400000|100%| S|CS|TAMS 0x0000000746300000, 0x0000000746300000| Complete 
|  78|0x0000000746400000, 0x0000000746500000, 0x0000000746500000|100%| S|CS|TAMS 0x0000000746400000, 0x0000000746400000| Complete 
|  79|0x0000000746500000, 0x0000000746600000, 0x0000000746600000|100%| S|CS|TAMS 0x0000000746500000, 0x0000000746500000| Complete 
|  80|0x0000000746600000, 0x0000000746700000, 0x0000000746700000|100%| S|CS|TAMS 0x0000000746600000, 0x0000000746600000| Complete 
|  81|0x0000000746700000, 0x0000000746800000, 0x0000000746800000|100%| S|CS|TAMS 0x0000000746700000, 0x0000000746700000| Complete 
|  82|0x0000000746800000, 0x0000000746800000, 0x0000000746900000|  0%| F|  |TAMS 0x0000000746800000, 0x0000000746800000| Untracked 
|  83|0x0000000746900000, 0x0000000746900000, 0x0000000746a00000|  0%| F|  |TAMS 0x0000000746900000, 0x0000000746900000| Untracked 
|  84|0x0000000746a00000, 0x0000000746a00000, 0x0000000746b00000|  0%| F|  |TAMS 0x0000000746a00000, 0x0000000746a00000| Untracked 
|  85|0x0000000746b00000, 0x0000000746b00000, 0x0000000746c00000|  0%| F|  |TAMS 0x0000000746b00000, 0x0000000746b00000| Untracked 
|  86|0x0000000746c00000, 0x0000000746c00000, 0x0000000746d00000|  0%| F|  |TAMS 0x0000000746c00000, 0x0000000746c00000| Untracked 
|  87|0x0000000746d00000, 0x0000000746d00000, 0x0000000746e00000|  0%| F|  |TAMS 0x0000000746d00000, 0x0000000746d00000| Untracked 
|  88|0x0000000746e00000, 0x0000000746e00000, 0x0000000746f00000|  0%| F|  |TAMS 0x0000000746e00000, 0x0000000746e00000| Untracked 
|  89|0x0000000746f00000, 0x0000000746f00000, 0x0000000747000000|  0%| F|  |TAMS 0x0000000746f00000, 0x0000000746f00000| Untracked 
|  90|0x0000000747000000, 0x0000000747000000, 0x0000000747100000|  0%| F|  |TAMS 0x0000000747000000, 0x0000000747000000| Untracked 
|  91|0x0000000747100000, 0x0000000747200000, 0x0000000747200000|100%| S|CS|TAMS 0x0000000747100000, 0x0000000747100000| Complete 
|  92|0x0000000747200000, 0x0000000747300000, 0x0000000747300000|100%| S|CS|TAMS 0x0000000747200000, 0x0000000747200000| Complete 
|  93|0x0000000747300000, 0x0000000747400000, 0x0000000747400000|100%| S|CS|TAMS 0x0000000747300000, 0x0000000747300000| Complete 
|  94|0x0000000747400000, 0x0000000747500000, 0x0000000747500000|100%| S|CS|TAMS 0x0000000747400000, 0x0000000747400000| Complete 
|  95|0x0000000747500000, 0x0000000747600000, 0x0000000747600000|100%| S|CS|TAMS 0x0000000747500000, 0x0000000747500000| Complete 
|  96|0x0000000747600000, 0x0000000747600000, 0x0000000747700000|  0%| F|  |TAMS 0x0000000747600000, 0x0000000747600000| Untracked 
|  97|0x0000000747700000, 0x0000000747700000, 0x0000000747800000|  0%| F|  |TAMS 0x0000000747700000, 0x0000000747700000| Untracked 
|  98|0x0000000747800000, 0x0000000747800000, 0x0000000747900000|  0%| F|  |TAMS 0x0000000747800000, 0x0000000747800000| Untracked 
|  99|0x0000000747900000, 0x0000000747900000, 0x0000000747a00000|  0%| F|  |TAMS 0x0000000747900000, 0x0000000747900000| Untracked 
| 100|0x0000000747a00000, 0x0000000747a00000, 0x0000000747b00000|  0%| F|  |TAMS 0x0000000747a00000, 0x0000000747a00000| Untracked 
| 101|0x0000000747b00000, 0x0000000747b00000, 0x0000000747c00000|  0%| F|  |TAMS 0x0000000747b00000, 0x0000000747b00000| Untracked 
| 102|0x0000000747c00000, 0x0000000747c00000, 0x0000000747d00000|  0%| F|  |TAMS 0x0000000747c00000, 0x0000000747c00000| Untracked 
| 103|0x0000000747d00000, 0x0000000747d00000, 0x0000000747e00000|  0%| F|  |TAMS 0x0000000747d00000, 0x0000000747d00000| Untracked 
| 104|0x0000000747e00000, 0x0000000747e00000, 0x0000000747f00000|  0%| F|  |TAMS 0x0000000747e00000, 0x0000000747e00000| Untracked 
| 105|0x0000000747f00000, 0x0000000747f00000, 0x0000000748000000|  0%| F|  |TAMS 0x0000000747f00000, 0x0000000747f00000| Untracked 
| 106|0x0000000748000000, 0x0000000748000000, 0x0000000748100000|  0%| F|  |TAMS 0x0000000748000000, 0x0000000748000000| Untracked 
| 107|0x0000000748100000, 0x0000000748100000, 0x0000000748200000|  0%| F|  |TAMS 0x0000000748100000, 0x0000000748100000| Untracked 
| 108|0x0000000748200000, 0x0000000748200000, 0x0000000748300000|  0%| F|  |TAMS 0x0000000748200000, 0x0000000748200000| Untracked 
| 109|0x0000000748300000, 0x0000000748300000, 0x0000000748400000|  0%| F|  |TAMS 0x0000000748300000, 0x0000000748300000| Untracked 
| 110|0x0000000748400000, 0x0000000748400000, 0x0000000748500000|  0%| F|  |TAMS 0x0000000748400000, 0x0000000748400000| Untracked 
| 111|0x0000000748500000, 0x0000000748500000, 0x0000000748600000|  0%| F|  |TAMS 0x0000000748500000, 0x0000000748500000| Untracked 
| 112|0x0000000748600000, 0x0000000748600000, 0x0000000748700000|  0%| F|  |TAMS 0x0000000748600000, 0x0000000748600000| Untracked 
| 113|0x0000000748700000, 0x0000000748800000, 0x0000000748800000|100%| E|  |TAMS 0x0000000748700000, 0x0000000748700000| Complete 
| 114|0x0000000748800000, 0x0000000748900000, 0x0000000748900000|100%| E|CS|TAMS 0x0000000748800000, 0x0000000748800000| Complete 
| 115|0x0000000748900000, 0x0000000748a00000, 0x0000000748a00000|100%| E|CS|TAMS 0x0000000748900000, 0x0000000748900000| Complete 
| 116|0x0000000748a00000, 0x0000000748b00000, 0x0000000748b00000|100%| E|CS|TAMS 0x0000000748a00000, 0x0000000748a00000| Complete 
| 117|0x0000000748b00000, 0x0000000748c00000, 0x0000000748c00000|100%| E|CS|TAMS 0x0000000748b00000, 0x0000000748b00000| Complete 
| 118|0x0000000748c00000, 0x0000000748d00000, 0x0000000748d00000|100%| E|CS|TAMS 0x0000000748c00000, 0x0000000748c00000| Complete 
| 119|0x0000000748d00000, 0x0000000748e00000, 0x0000000748e00000|100%| E|CS|TAMS 0x0000000748d00000, 0x0000000748d00000| Complete 
| 120|0x0000000748e00000, 0x0000000748f00000, 0x0000000748f00000|100%| E|CS|TAMS 0x0000000748e00000, 0x0000000748e00000| Complete 
| 121|0x0000000748f00000, 0x0000000749000000, 0x0000000749000000|100%| E|CS|TAMS 0x0000000748f00000, 0x0000000748f00000| Complete 
| 122|0x0000000749000000, 0x0000000749100000, 0x0000000749100000|100%| E|CS|TAMS 0x0000000749000000, 0x0000000749000000| Complete 
| 123|0x0000000749100000, 0x0000000749200000, 0x0000000749200000|100%| E|CS|TAMS 0x0000000749100000, 0x0000000749100000| Complete 
| 124|0x0000000749200000, 0x0000000749300000, 0x0000000749300000|100%| E|CS|TAMS 0x0000000749200000, 0x0000000749200000| Complete 
| 125|0x0000000749300000, 0x0000000749400000, 0x0000000749400000|100%| E|CS|TAMS 0x0000000749300000, 0x0000000749300000| Complete 
| 126|0x0000000749400000, 0x0000000749500000, 0x0000000749500000|100%| E|CS|TAMS 0x0000000749400000, 0x0000000749400000| Complete 
| 127|0x0000000749500000, 0x0000000749600000, 0x0000000749600000|100%| E|CS|TAMS 0x0000000749500000, 0x0000000749500000| Complete 
| 128|0x0000000749600000, 0x0000000749700000, 0x0000000749700000|100%| E|CS|TAMS 0x0000000749600000, 0x0000000749600000| Complete 
| 129|0x0000000749700000, 0x0000000749800000, 0x0000000749800000|100%| E|CS|TAMS 0x0000000749700000, 0x0000000749700000| Complete 
| 130|0x0000000749800000, 0x0000000749900000, 0x0000000749900000|100%| E|CS|TAMS 0x0000000749800000, 0x0000000749800000| Complete 
| 131|0x0000000749900000, 0x0000000749a00000, 0x0000000749a00000|100%| E|CS|TAMS 0x0000000749900000, 0x0000000749900000| Complete 
| 132|0x0000000749a00000, 0x0000000749b00000, 0x0000000749b00000|100%| E|CS|TAMS 0x0000000749a00000, 0x0000000749a00000| Complete 
| 133|0x0000000749b00000, 0x0000000749c00000, 0x0000000749c00000|100%| E|CS|TAMS 0x0000000749b00000, 0x0000000749b00000| Complete 
| 134|0x0000000749c00000, 0x0000000749d00000, 0x0000000749d00000|100%| E|CS|TAMS 0x0000000749c00000, 0x0000000749c00000| Complete 
| 135|0x0000000749d00000, 0x0000000749e00000, 0x0000000749e00000|100%| E|CS|TAMS 0x0000000749d00000, 0x0000000749d00000| Complete 
| 136|0x0000000749e00000, 0x0000000749f00000, 0x0000000749f00000|100%| E|CS|TAMS 0x0000000749e00000, 0x0000000749e00000| Complete 
| 137|0x0000000749f00000, 0x000000074a000000, 0x000000074a000000|100%| E|CS|TAMS 0x0000000749f00000, 0x0000000749f00000| Complete 
| 138|0x000000074a000000, 0x000000074a100000, 0x000000074a100000|100%| E|CS|TAMS 0x000000074a000000, 0x000000074a000000| Complete 
| 139|0x000000074a100000, 0x000000074a200000, 0x000000074a200000|100%| E|CS|TAMS 0x000000074a100000, 0x000000074a100000| Complete 
| 140|0x000000074a200000, 0x000000074a300000, 0x000000074a300000|100%| E|CS|TAMS 0x000000074a200000, 0x000000074a200000| Complete 
| 141|0x000000074a300000, 0x000000074a400000, 0x000000074a400000|100%| E|CS|TAMS 0x000000074a300000, 0x000000074a300000| Complete 
| 142|0x000000074a400000, 0x000000074a500000, 0x000000074a500000|100%| E|CS|TAMS 0x000000074a400000, 0x000000074a400000| Complete 
| 143|0x000000074a500000, 0x000000074a600000, 0x000000074a600000|100%| E|CS|TAMS 0x000000074a500000, 0x000000074a500000| Complete 
| 144|0x000000074a600000, 0x000000074a700000, 0x000000074a700000|100%| E|CS|TAMS 0x000000074a600000, 0x000000074a600000| Complete 
| 145|0x000000074a700000, 0x000000074a800000, 0x000000074a800000|100%| E|CS|TAMS 0x000000074a700000, 0x000000074a700000| Complete 
| 146|0x000000074a800000, 0x000000074a900000, 0x000000074a900000|100%| E|CS|TAMS 0x000000074a800000, 0x000000074a800000| Complete 
| 147|0x000000074a900000, 0x000000074aa00000, 0x000000074aa00000|100%| E|CS|TAMS 0x000000074a900000, 0x000000074a900000| Complete 
| 148|0x000000074aa00000, 0x000000074ab00000, 0x000000074ab00000|100%| E|CS|TAMS 0x000000074aa00000, 0x000000074aa00000| Complete 
| 149|0x000000074ab00000, 0x000000074ac00000, 0x000000074ac00000|100%| E|CS|TAMS 0x000000074ab00000, 0x000000074ab00000| Complete 
| 150|0x000000074ac00000, 0x000000074ad00000, 0x000000074ad00000|100%| E|CS|TAMS 0x000000074ac00000, 0x000000074ac00000| Complete 
| 151|0x000000074ad00000, 0x000000074ae00000, 0x000000074ae00000|100%| E|CS|TAMS 0x000000074ad00000, 0x000000074ad00000| Complete 
| 152|0x000000074ae00000, 0x000000074af00000, 0x000000074af00000|100%| E|CS|TAMS 0x000000074ae00000, 0x000000074ae00000| Complete 
| 153|0x000000074af00000, 0x000000074b000000, 0x000000074b000000|100%| E|CS|TAMS 0x000000074af00000, 0x000000074af00000| Complete 
| 154|0x000000074b000000, 0x000000074b100000, 0x000000074b100000|100%| E|CS|TAMS 0x000000074b000000, 0x000000074b000000| Complete 
| 155|0x000000074b100000, 0x000000074b200000, 0x000000074b200000|100%| E|CS|TAMS 0x000000074b100000, 0x000000074b100000| Complete 
| 156|0x000000074b200000, 0x000000074b300000, 0x000000074b300000|100%| E|CS|TAMS 0x000000074b200000, 0x000000074b200000| Complete 
| 157|0x000000074b300000, 0x000000074b400000, 0x000000074b400000|100%| E|CS|TAMS 0x000000074b300000, 0x000000074b300000| Complete 
| 158|0x000000074b400000, 0x000000074b500000, 0x000000074b500000|100%| E|CS|TAMS 0x000000074b400000, 0x000000074b400000| Complete 
| 159|0x000000074b500000, 0x000000074b600000, 0x000000074b600000|100%| E|CS|TAMS 0x000000074b500000, 0x000000074b500000| Complete 
| 160|0x000000074b600000, 0x000000074b700000, 0x000000074b700000|100%| E|CS|TAMS 0x000000074b600000, 0x000000074b600000| Complete 
| 161|0x000000074b700000, 0x000000074b800000, 0x000000074b800000|100%| E|CS|TAMS 0x000000074b700000, 0x000000074b700000| Complete 
| 162|0x000000074b800000, 0x000000074b900000, 0x000000074b900000|100%| E|CS|TAMS 0x000000074b800000, 0x000000074b800000| Complete 
| 163|0x000000074b900000, 0x000000074ba00000, 0x000000074ba00000|100%| E|CS|TAMS 0x000000074b900000, 0x000000074b900000| Complete 
| 164|0x000000074ba00000, 0x000000074bb00000, 0x000000074bb00000|100%| E|CS|TAMS 0x000000074ba00000, 0x000000074ba00000| Complete 
| 165|0x000000074bb00000, 0x000000074bc00000, 0x000000074bc00000|100%| E|CS|TAMS 0x000000074bb00000, 0x000000074bb00000| Complete 
| 166|0x000000074bc00000, 0x000000074bd00000, 0x000000074bd00000|100%| E|CS|TAMS 0x000000074bc00000, 0x000000074bc00000| Complete 
| 167|0x000000074bd00000, 0x000000074be00000, 0x000000074be00000|100%| E|CS|TAMS 0x000000074bd00000, 0x000000074bd00000| Complete 
| 168|0x000000074be00000, 0x000000074bf00000, 0x000000074bf00000|100%| E|CS|TAMS 0x000000074be00000, 0x000000074be00000| Complete 
| 169|0x000000074bf00000, 0x000000074c000000, 0x000000074c000000|100%| E|CS|TAMS 0x000000074bf00000, 0x000000074bf00000| Complete 
| 170|0x000000074c000000, 0x000000074c100000, 0x000000074c100000|100%| E|CS|TAMS 0x000000074c000000, 0x000000074c000000| Complete 
| 171|0x000000074c100000, 0x000000074c200000, 0x000000074c200000|100%| E|CS|TAMS 0x000000074c100000, 0x000000074c100000| Complete 
| 172|0x000000074c200000, 0x000000074c300000, 0x000000074c300000|100%| E|CS|TAMS 0x000000074c200000, 0x000000074c200000| Complete 
| 173|0x000000074c300000, 0x000000074c400000, 0x000000074c400000|100%| E|CS|TAMS 0x000000074c300000, 0x000000074c300000| Complete 
| 174|0x000000074c400000, 0x000000074c500000, 0x000000074c500000|100%| E|CS|TAMS 0x000000074c400000, 0x000000074c400000| Complete 
| 175|0x000000074c500000, 0x000000074c600000, 0x000000074c600000|100%| E|CS|TAMS 0x000000074c500000, 0x000000074c500000| Complete 
| 176|0x000000074c600000, 0x000000074c700000, 0x000000074c700000|100%| E|CS|TAMS 0x000000074c600000, 0x000000074c600000| Complete 
| 177|0x000000074c700000, 0x000000074c800000, 0x000000074c800000|100%| E|CS|TAMS 0x000000074c700000, 0x000000074c700000| Complete 
| 178|0x000000074c800000, 0x000000074c900000, 0x000000074c900000|100%| E|CS|TAMS 0x000000074c800000, 0x000000074c800000| Complete 
| 179|0x000000074c900000, 0x000000074ca00000, 0x000000074ca00000|100%| E|CS|TAMS 0x000000074c900000, 0x000000074c900000| Complete 
| 180|0x000000074ca00000, 0x000000074cb00000, 0x000000074cb00000|100%| E|CS|TAMS 0x000000074ca00000, 0x000000074ca00000| Complete 
| 181|0x000000074cb00000, 0x000000074cc00000, 0x000000074cc00000|100%| E|CS|TAMS 0x000000074cb00000, 0x000000074cb00000| Complete 
| 182|0x000000074cc00000, 0x000000074cd00000, 0x000000074cd00000|100%| E|CS|TAMS 0x000000074cc00000, 0x000000074cc00000| Complete 
| 183|0x000000074cd00000, 0x000000074ce00000, 0x000000074ce00000|100%| E|CS|TAMS 0x000000074cd00000, 0x000000074cd00000| Complete 
| 184|0x000000074ce00000, 0x000000074cf00000, 0x000000074cf00000|100%| E|CS|TAMS 0x000000074ce00000, 0x000000074ce00000| Complete 
| 185|0x000000074cf00000, 0x000000074d000000, 0x000000074d000000|100%| E|CS|TAMS 0x000000074cf00000, 0x000000074cf00000| Complete 
| 186|0x000000074d000000, 0x000000074d100000, 0x000000074d100000|100%| E|CS|TAMS 0x000000074d000000, 0x000000074d000000| Complete 
| 187|0x000000074d100000, 0x000000074d200000, 0x000000074d200000|100%| E|CS|TAMS 0x000000074d100000, 0x000000074d100000| Complete 
| 188|0x000000074d200000, 0x000000074d300000, 0x000000074d300000|100%| E|CS|TAMS 0x000000074d200000, 0x000000074d200000| Complete 
| 189|0x000000074d300000, 0x000000074d400000, 0x000000074d400000|100%| E|CS|TAMS 0x000000074d300000, 0x000000074d300000| Complete 
| 190|0x000000074d400000, 0x000000074d500000, 0x000000074d500000|100%| E|CS|TAMS 0x000000074d400000, 0x000000074d400000| Complete 
| 191|0x000000074d500000, 0x000000074d600000, 0x000000074d600000|100%| E|CS|TAMS 0x000000074d500000, 0x000000074d500000| Complete 
| 192|0x000000074d600000, 0x000000074d700000, 0x000000074d700000|100%| E|CS|TAMS 0x000000074d600000, 0x000000074d600000| Complete 
| 193|0x000000074d700000, 0x000000074d800000, 0x000000074d800000|100%| E|CS|TAMS 0x000000074d700000, 0x000000074d700000| Complete 
| 194|0x000000074d800000, 0x000000074d900000, 0x000000074d900000|100%| E|CS|TAMS 0x000000074d800000, 0x000000074d800000| Complete 
| 195|0x000000074d900000, 0x000000074da00000, 0x000000074da00000|100%| E|CS|TAMS 0x000000074d900000, 0x000000074d900000| Complete 
| 196|0x000000074da00000, 0x000000074db00000, 0x000000074db00000|100%| E|CS|TAMS 0x000000074da00000, 0x000000074da00000| Complete 
| 197|0x000000074db00000, 0x000000074dc00000, 0x000000074dc00000|100%| E|CS|TAMS 0x000000074db00000, 0x000000074db00000| Complete 
| 198|0x000000074dc00000, 0x000000074dd00000, 0x000000074dd00000|100%| E|CS|TAMS 0x000000074dc00000, 0x000000074dc00000| Complete 
| 199|0x000000074dd00000, 0x000000074de00000, 0x000000074de00000|100%| E|CS|TAMS 0x000000074dd00000, 0x000000074dd00000| Complete 
| 200|0x000000074de00000, 0x000000074df00000, 0x000000074df00000|100%| E|CS|TAMS 0x000000074de00000, 0x000000074de00000| Complete 
| 201|0x000000074df00000, 0x000000074e000000, 0x000000074e000000|100%| E|CS|TAMS 0x000000074df00000, 0x000000074df00000| Complete 
| 202|0x000000074e000000, 0x000000074e100000, 0x000000074e100000|100%| E|CS|TAMS 0x000000074e000000, 0x000000074e000000| Complete 
| 203|0x000000074e100000, 0x000000074e200000, 0x000000074e200000|100%| E|CS|TAMS 0x000000074e100000, 0x000000074e100000| Complete 
| 204|0x000000074e200000, 0x000000074e300000, 0x000000074e300000|100%| E|CS|TAMS 0x000000074e200000, 0x000000074e200000| Complete 
| 205|0x000000074e300000, 0x000000074e400000, 0x000000074e400000|100%| E|CS|TAMS 0x000000074e300000, 0x000000074e300000| Complete 
| 206|0x000000074e400000, 0x000000074e500000, 0x000000074e500000|100%| E|CS|TAMS 0x000000074e400000, 0x000000074e400000| Complete 
| 207|0x000000074e500000, 0x000000074e600000, 0x000000074e600000|100%| E|CS|TAMS 0x000000074e500000, 0x000000074e500000| Complete 
| 208|0x000000074e600000, 0x000000074e700000, 0x000000074e700000|100%| E|CS|TAMS 0x000000074e600000, 0x000000074e600000| Complete 
| 209|0x000000074e700000, 0x000000074e800000, 0x000000074e800000|100%| E|CS|TAMS 0x000000074e700000, 0x000000074e700000| Complete 
| 210|0x000000074e800000, 0x000000074e900000, 0x000000074e900000|100%| E|CS|TAMS 0x000000074e800000, 0x000000074e800000| Complete 
| 211|0x000000074e900000, 0x000000074ea00000, 0x000000074ea00000|100%| E|CS|TAMS 0x000000074e900000, 0x000000074e900000| Complete 
| 212|0x000000074ea00000, 0x000000074eb00000, 0x000000074eb00000|100%| E|CS|TAMS 0x000000074ea00000, 0x000000074ea00000| Complete 
| 213|0x000000074eb00000, 0x000000074ec00000, 0x000000074ec00000|100%| E|CS|TAMS 0x000000074eb00000, 0x000000074eb00000| Complete 
| 214|0x000000074ec00000, 0x000000074ed00000, 0x000000074ed00000|100%| E|CS|TAMS 0x000000074ec00000, 0x000000074ec00000| Complete 
| 215|0x000000074ed00000, 0x000000074ee00000, 0x000000074ee00000|100%| E|CS|TAMS 0x000000074ed00000, 0x000000074ed00000| Complete 
| 216|0x000000074ee00000, 0x000000074ef00000, 0x000000074ef00000|100%| E|CS|TAMS 0x000000074ee00000, 0x000000074ee00000| Complete 
| 217|0x000000074ef00000, 0x000000074f000000, 0x000000074f000000|100%| E|CS|TAMS 0x000000074ef00000, 0x000000074ef00000| Complete 
| 218|0x000000074f000000, 0x000000074f100000, 0x000000074f100000|100%| E|CS|TAMS 0x000000074f000000, 0x000000074f000000| Complete 
| 219|0x000000074f100000, 0x000000074f200000, 0x000000074f200000|100%| E|CS|TAMS 0x000000074f100000, 0x000000074f100000| Complete 
| 220|0x000000074f200000, 0x000000074f300000, 0x000000074f300000|100%| E|CS|TAMS 0x000000074f200000, 0x000000074f200000| Complete 
| 221|0x000000074f300000, 0x000000074f400000, 0x000000074f400000|100%| E|CS|TAMS 0x000000074f300000, 0x000000074f300000| Complete 
| 222|0x000000074f400000, 0x000000074f500000, 0x000000074f500000|100%| E|CS|TAMS 0x000000074f400000, 0x000000074f400000| Complete 
| 223|0x000000074f500000, 0x000000074f600000, 0x000000074f600000|100%| E|CS|TAMS 0x000000074f500000, 0x000000074f500000| Complete 
| 224|0x000000074f600000, 0x000000074f700000, 0x000000074f700000|100%| E|CS|TAMS 0x000000074f600000, 0x000000074f600000| Complete 
| 225|0x000000074f700000, 0x000000074f800000, 0x000000074f800000|100%| E|CS|TAMS 0x000000074f700000, 0x000000074f700000| Complete 
| 226|0x000000074f800000, 0x000000074f900000, 0x000000074f900000|100%| E|CS|TAMS 0x000000074f800000, 0x000000074f800000| Complete 
| 227|0x000000074f900000, 0x000000074fa00000, 0x000000074fa00000|100%| E|CS|TAMS 0x000000074f900000, 0x000000074f900000| Complete 
| 228|0x000000074fa00000, 0x000000074fb00000, 0x000000074fb00000|100%| E|CS|TAMS 0x000000074fa00000, 0x000000074fa00000| Complete 
| 229|0x000000074fb00000, 0x000000074fc00000, 0x000000074fc00000|100%| E|CS|TAMS 0x000000074fb00000, 0x000000074fb00000| Complete 
| 230|0x000000074fc00000, 0x000000074fd00000, 0x000000074fd00000|100%| E|CS|TAMS 0x000000074fc00000, 0x000000074fc00000| Complete 

Card table byte_map: [0x0000027768b90000,0x0000027769190000] _byte_map_base: 0x0000027765185000

Marking Bits (Prev, Next): (CMBitMap*) 0x0000027751126140, (CMBitMap*) 0x0000027751126108
 Prev Bits: [0x000002776c740000, 0x000002776f6e8000)
 Next Bits: [0x0000027769790000, 0x000002776c738000)

Polling page: 0x000002774f050000

Metaspace:

Usage:
  Non-class:     61.94 MB capacity,    60.84 MB ( 98%) used,   883.11 KB (  1%) free+waste,   235.25 KB ( <1%) overhead. 
      Class:      9.45 MB capacity,     8.75 MB ( 93%) used,   606.59 KB (  6%) free+waste,   109.13 KB (  1%) overhead. 
       Both:     71.38 MB capacity,    69.59 MB ( 97%) used,     1.45 MB (  2%) free+waste,   344.38 KB ( <1%) overhead. 

Virtual space:
  Non-class space:       62.00 MB reserved,      62.00 MB (100%) committed 
      Class space:        1.00 GB reserved,       9.50 MB ( <1%) committed 
             Both:        1.06 GB reserved,      71.50 MB (  7%) committed 

Chunk freelists:
   Non-Class:  256 bytes
       Class:  0 bytes
        Both:  256 bytes

CodeHeap 'non-profiled nmethods': size=120064Kb used=3662Kb max_used=3662Kb free=116401Kb
 bounds [0x0000027761050000, 0x00000277613f0000, 0x0000027768590000]
CodeHeap 'profiled nmethods': size=120000Kb used=13709Kb max_used=13709Kb free=106290Kb
 bounds [0x0000027759b20000, 0x000002775a890000, 0x0000027761050000]
CodeHeap 'non-nmethods': size=5696Kb used=1229Kb max_used=1283Kb free=4467Kb
 bounds [0x0000027759590000, 0x0000027759800000, 0x0000027759b20000]
 total_blobs=6574 nmethods=5983 adapters=502
 compilation: enabled
              stopped_count=0, restarted_count=0
 full_count=0

Compilation events (10 events):
Event: 17.336 Thread 0x000002777249c800 nmethod 6071 0x000002775a882510 code [0x000002775a8826c0, 0x000002775a882888]
Event: 17.336 Thread 0x000002777249c800 6072       1       com.fasterxml.classmate.TypeBindings::hashCode (5 bytes)
Event: 17.336 Thread 0x000002777249c800 nmethod 6072 0x00000277613e3610 code [0x00000277613e37a0, 0x00000277613e3858]
Event: 17.343 Thread 0x000002777249c800 6073       2       java.lang.Integer::toString (55 bytes)
Event: 17.344 Thread 0x000002777249c800 nmethod 6073 0x000002775a882990 code [0x000002775a882b40, 0x000002775a882dd8]
Event: 17.345 Thread 0x000002777249c800 6074       2       springfox.documentation.spi.schema.AlternateTypeProvider$$Lambda$1137/0x000000080095bc40::test (12 bytes)
Event: 17.345 Thread 0x000002777249c800 nmethod 6074 0x000002775a882f10 code [0x000002775a8830c0, 0x000002775a883228]
Event: 17.345 Thread 0x000002777249c800 6075       2       springfox.documentation.spi.schema.AlternateTypeProvider::lambda$thatAppliesTo$0 (6 bytes)
Event: 17.345 Thread 0x000002777249c800 nmethod 6075 0x000002775a883310 code [0x000002775a8834c0, 0x000002775a8835c8]
Event: 17.345 Thread 0x000002777249c800 6076       2       com.fasterxml.classmate.util.ClassStack::<init> (15 bytes)

GC Heap History (10 events):
Event: 4.277 GC heap before
{Heap before GC invocations=5 (full 0):
 garbage-first heap   total 196608K, used 50805K [0x0000000741600000, 0x0000000800000000)
  region size 1024K, 43 young (44032K), 3 survivors (3072K)
 Metaspace       used 24884K, capacity 25497K, committed 25600K, reserved 1071104K
  class space    used 2757K, capacity 3002K, committed 3072K, reserved 1048576K
}
Event: 4.284 GC heap after
{Heap after GC invocations=6 (full 0):
 garbage-first heap   total 196608K, used 11403K [0x0000000741600000, 0x0000000800000000)
  region size 1024K, 4 young (4096K), 4 survivors (4096K)
 Metaspace       used 24884K, capacity 25497K, committed 25600K, reserved 1071104K
  class space    used 2757K, capacity 3002K, committed 3072K, reserved 1048576K
}
Event: 5.471 GC heap before
{Heap before GC invocations=6 (full 0):
 garbage-first heap   total 196608K, used 83083K [0x0000000741600000, 0x0000000800000000)
  region size 1024K, 75 young (76800K), 4 survivors (4096K)
 Metaspace       used 27011K, capacity 27652K, committed 27904K, reserved 1073152K
  class space    used 3001K, capacity 3274K, committed 3328K, reserved 1048576K
}
Event: 5.481 GC heap after
{Heap after GC invocations=7 (full 0):
 garbage-first heap   total 196608K, used 13289K [0x0000000741600000, 0x0000000800000000)
  region size 1024K, 6 young (6144K), 6 survivors (6144K)
 Metaspace       used 27011K, capacity 27652K, committed 27904K, reserved 1073152K
  class space    used 3001K, capacity 3274K, committed 3328K, reserved 1048576K
}
Event: 7.883 GC heap before
{Heap before GC invocations=7 (full 0):
 garbage-first heap   total 196608K, used 84969K [0x0000000741600000, 0x0000000800000000)
  region size 1024K, 77 young (78848K), 6 survivors (6144K)
 Metaspace       used 34714K, capacity 35702K, committed 35840K, reserved 1081344K
  class space    used 4086K, capacity 4487K, committed 4608K, reserved 1048576K
}
Event: 7.897 GC heap after
{Heap after GC invocations=8 (full 0):
 garbage-first heap   total 196608K, used 16502K [0x0000000741600000, 0x0000000800000000)
  region size 1024K, 9 young (9216K), 9 survivors (9216K)
 Metaspace       used 34714K, capacity 35702K, committed 35840K, reserved 1081344K
  class space    used 4086K, capacity 4487K, committed 4608K, reserved 1048576K
}
Event: 10.403 GC heap before
{Heap before GC invocations=9 (full 0):
 garbage-first heap   total 196608K, used 111734K [0x0000000741600000, 0x0000000800000000)
  region size 1024K, 101 young (103424K), 9 survivors (9216K)
 Metaspace       used 44344K, capacity 45482K, committed 45568K, reserved 1089536K
  class space    used 5184K, capacity 5632K, committed 5632K, reserved 1048576K
}
Event: 10.421 GC heap after
{Heap after GC invocations=10 (full 0):
 garbage-first heap   total 196608K, used 21467K [0x0000000741600000, 0x0000000800000000)
  region size 1024K, 9 young (9216K), 9 survivors (9216K)
 Metaspace       used 44344K, capacity 45482K, committed 45568K, reserved 1089536K
  class space    used 5184K, capacity 5632K, committed 5632K, reserved 1048576K
}
Event: 13.482 GC heap before
{Heap before GC invocations=10 (full 0):
 garbage-first heap   total 196608K, used 118747K [0x0000000741600000, 0x0000000800000000)
  region size 1024K, 105 young (107520K), 9 survivors (9216K)
 Metaspace       used 58779K, capacity 59984K, committed 60160K, reserved 1101824K
  class space    used 7328K, capacity 7815K, committed 7936K, reserved 1048576K
}
Event: 13.503 GC heap after
{Heap after GC invocations=11 (full 0):
 garbage-first heap   total 236544K, used 24783K [0x0000000741600000, 0x0000000800000000)
  region size 1024K, 11 young (11264K), 11 survivors (11264K)
 Metaspace       used 58779K, capacity 59984K, committed 60160K, reserved 1101824K
  class space    used 7328K, capacity 7815K, committed 7936K, reserved 1048576K
}

Deoptimization events (10 events):
Event: 16.868 Thread 0x00000277510d6800 Uncommon trap: reason=class_check action=maybe_recompile pc=0x00000277610c1cf0 method=org.springframework.boot.context.properties.source.ConfigurationPropertyName$Elements.charAt(II)C @ 43 c2
Event: 16.868 Thread 0x00000277510d6800 Uncommon trap: reason=class_check action=maybe_recompile pc=0x00000277610c1cf0 method=org.springframework.boot.context.properties.source.ConfigurationPropertyName$Elements.charAt(II)C @ 43 c2
Event: 17.019 Thread 0x00000277510d6800 Uncommon trap: reason=class_check action=maybe_recompile pc=0x00000277613693fc method=java.util.stream.StreamOpFlag.fromCharacteristics(Ljava/util/Spliterator;)I @ 14 c2
Event: 17.020 Thread 0x00000277510d6800 Uncommon trap: reason=class_check action=maybe_recompile pc=0x00000277613693fc method=java.util.stream.StreamOpFlag.fromCharacteristics(Ljava/util/Spliterator;)I @ 14 c2
Event: 17.020 Thread 0x00000277510d6800 Uncommon trap: reason=class_check action=maybe_recompile pc=0x00000277613693fc method=java.util.stream.StreamOpFlag.fromCharacteristics(Ljava/util/Spliterator;)I @ 14 c2
Event: 17.020 Thread 0x00000277510d6800 Uncommon trap: reason=class_check action=maybe_recompile pc=0x00000277613693fc method=java.util.stream.StreamOpFlag.fromCharacteristics(Ljava/util/Spliterator;)I @ 14 c2
Event: 17.137 Thread 0x00000277510d6800 Uncommon trap: reason=unstable_if action=reinterpret pc=0x000002776119c86c method=java.util.HashMap.putVal(ILjava/lang/Object;Ljava/lang/Object;ZZ)Ljava/lang/Object; @ 162 c2
Event: 17.151 Thread 0x00000277510d6800 Uncommon trap: reason=unstable_if action=reinterpret pc=0x00000277612869b4 method=java.util.HashMap.getNode(ILjava/lang/Object;)Ljava/util/HashMap$Node; @ 84 c2
Event: 17.175 Thread 0x00000277510d6800 Uncommon trap: reason=unstable_if action=reinterpret pc=0x00000277610ee260 method=java.util.HashMap.getNode(ILjava/lang/Object;)Ljava/util/HashMap$Node; @ 84 c2
Event: 17.257 Thread 0x00000277510d6800 Uncommon trap: reason=unstable_if action=reinterpret pc=0x000002776107e054 method=java.util.HashMap.resize()[Ljava/util/HashMap$Node; @ 203 c2

Classes redefined (0 events):
No events

Internal exceptions (10 events):
Event: 16.043 Thread 0x00000277510d6800 Exception <a 'java/lang/ClassNotFoundException'{0x000000074a95f480}: org/springframework/security/config/annotation/web/configuration/HttpSecurityConfigurationCustomizer> (0x000000074a95f480) thrown at [./open/src/hotspot/share/classfile/systemDictionary.
Event: 16.324 Thread 0x00000277510d6800 Exception <a 'java/lang/NoSuchMethodError'{0x000000074a085d60}: java.lang.invoke.DirectMethodHandle$Holder.invokeVirtual(Ljava/lang/Object;Ljava/lang/Object;I)V> (0x000000074a085d60) thrown at [./open/src/hotspot/share/interpreter/linkResolver.cpp, line 7
Event: 16.327 Thread 0x00000277510d6800 Exception <a 'java/lang/NoSuchMethodError'{0x000000074a09fb50}: java.lang.invoke.DirectMethodHandle$Holder.invokeVirtual(Ljava/lang/Object;Ljava/lang/Object;J)V> (0x000000074a09fb50) thrown at [./open/src/hotspot/share/interpreter/linkResolver.cpp, line 7
Event: 16.463 Thread 0x00000277510d6800 Exception <a 'java/lang/IncompatibleClassChangeError'{0x0000000749c9e100}: Found class java.lang.Object, but interface was expected> (0x0000000749c9e100) thrown at [./open/src/hotspot/share/interpreter/linkResolver.cpp, line 838]
Event: 16.548 Thread 0x00000277510d6800 Exception <a 'java/lang/NoSuchMethodError'{0x0000000749a489a0}: java.lang.invoke.DirectMethodHandle$Holder.invokeStaticInit(Ljava/lang/Object;Ljava/lang/Object;Ljava/lang/Object;Ljava/lang/Object;)I> (0x0000000749a489a0) thrown at [./open/src/hotspot/shar
Event: 16.903 Thread 0x00000277510d6800 Exception <a 'java/lang/NoSuchMethodError'{0x00000007494a2380}: java.lang.invoke.DirectMethodHandle$Holder.invokeSpecial(Ljava/lang/Object;Ljava/lang/Object;ILjava/lang/Object;ILjava/lang/Object;)Ljava/lang/Object;> (0x00000007494a2380) thrown at [./open/
Event: 16.904 Thread 0x00000277510d6800 Exception <a 'java/lang/NoSuchMethodError'{0x00000007494a9860}: java.lang.invoke.DirectMethodHandle$Holder.invokeStatic(Ljava/lang/Object;Ljava/lang/Object;ILjava/lang/Object;I)Ljava/lang/Object;> (0x00000007494a9860) thrown at [./open/src/hotspot/share/i
Event: 16.905 Thread 0x00000277510d6800 Exception <a 'java/lang/NoSuchMethodError'{0x00000007494ad038}: java.lang.invoke.DirectMethodHandle$Holder.invokeSpecial(Ljava/lang/Object;Ljava/lang/Object;Ljava/lang/Object;ILjava/lang/Object;I)Ljava/lang/Object;> (0x00000007494ad038) thrown at [./open/
Event: 16.908 Thread 0x00000277510d6800 Exception <a 'java/lang/NoSuchMethodError'{0x00000007494baf18}: java.lang.invoke.DirectMethodHandle$Holder.invokeVirtual(Ljava/lang/Object;Ljava/lang/Object;)V> (0x00000007494baf18) thrown at [./open/src/hotspot/share/interpreter/linkResolver.cpp, line 77
Event: 17.311 Thread 0x00000277510d6800 Exception <a 'java/lang/NoSuchMethodError'{0x00000007488d29d8}: java.lang.invoke.Invokers$Holder.linkToTargetMethod(Ljava/lang/Object;Ljava/lang/Object;Ljava/lang/Object;Ljava/lang/Object;Ljava/lang/Object;Ljava/lang/Object;Ljava/lang/Object;)Ljava/lang/O

Events (10 events):
Event: 17.342 loading class springfox/documentation/spring/web/scanners/ApiModelReader
Event: 17.342 loading class springfox/documentation/spring/web/scanners/ApiModelReader done
Event: 17.343 loading class springfox/documentation/spi/schema/contexts/ModelContext
Event: 17.343 loading class springfox/documentation/spi/schema/contexts/ModelContext done
Event: 17.344 loading class springfox/documentation/spi/schema/contexts/ModelContext
Event: 17.344 loading class springfox/documentation/spi/schema/contexts/ModelContext done
Event: 17.344 loading class springfox/documentation/spi/schema/contexts/ModelContext
Event: 17.344 loading class springfox/documentation/spi/schema/contexts/ModelContext done
Event: 17.345 loading class springfox/documentation/schema/ScalarTypes
Event: 17.345 loading class springfox/documentation/schema/ScalarTypes done


Dynamic libraries:
0x00007ff6160c0000 - 0x00007ff6160cf000 	C:\Program Files\Java\jdk-11.0.12\bin\java.exe
0x00007ff985910000 - 0x00007ff985b05000 	C:\WINDOWS\SYSTEM32\ntdll.dll
0x00007ff9852a0000 - 0x00007ff98535e000 	C:\WINDOWS\System32\KERNEL32.DLL
0x00007ff983340000 - 0x00007ff983608000 	C:\WINDOWS\System32\KERNELBASE.dll
0x00007ff983660000 - 0x00007ff983760000 	C:\WINDOWS\System32\ucrtbase.dll
0x00007ff97ed30000 - 0x00007ff97ed48000 	C:\Program Files\Java\jdk-11.0.12\bin\jli.dll
0x00007ff9857a0000 - 0x00007ff98584e000 	C:\WINDOWS\System32\ADVAPI32.dll
0x00007ff985180000 - 0x00007ff98521e000 	C:\WINDOWS\System32\msvcrt.dll
0x00007ff983970000 - 0x00007ff983a0c000 	C:\WINDOWS\System32\sechost.dll
0x00007ff984a00000 - 0x00007ff984b25000 	C:\WINDOWS\System32\RPCRT4.dll
0x00007ff985360000 - 0x00007ff985500000 	C:\WINDOWS\System32\USER32.dll
0x00007ff983200000 - 0x00007ff983222000 	C:\WINDOWS\System32\win32u.dll
0x00007ff984090000 - 0x00007ff9840ba000 	C:\WINDOWS\System32\GDI32.dll
0x00007ff983230000 - 0x00007ff98333b000 	C:\WINDOWS\System32\gdi32full.dll
0x00007ff983030000 - 0x00007ff9830cd000 	C:\WINDOWS\System32\msvcp_win.dll
0x00007ff9683b0000 - 0x00007ff96864a000 	C:\WINDOWS\WinSxS\amd64_microsoft.windows.common-controls_6595b64144ccf1df_6.0.19041.1110_none_60b5254171f9507e\COMCTL32.dll
0x00007ff976930000 - 0x00007ff97693a000 	C:\WINDOWS\SYSTEM32\VERSION.dll
0x00007ff97ed10000 - 0x00007ff97ed25000 	C:\Program Files\Java\jdk-11.0.12\bin\VCRUNTIME140.dll
0x00007ff984970000 - 0x00007ff9849a0000 	C:\WINDOWS\System32\IMM32.DLL
0x00007ff95e7d0000 - 0x00007ff95e86b000 	C:\Program Files\Java\jdk-11.0.12\bin\msvcp140.dll
0x00007ff92e540000 - 0x00007ff92f03f000 	C:\Program Files\Java\jdk-11.0.12\bin\server\jvm.dll
0x00007ff9858b0000 - 0x00007ff9858b8000 	C:\WINDOWS\System32\PSAPI.DLL
0x00007ff97ee70000 - 0x00007ff97ee79000 	C:\WINDOWS\SYSTEM32\WSOCK32.dll
0x00007ff984b30000 - 0x00007ff984b9b000 	C:\WINDOWS\System32\WS2_32.dll
0x00007ff968310000 - 0x00007ff968337000 	C:\WINDOWS\SYSTEM32\WINMM.dll
0x00007ff980f10000 - 0x00007ff980f22000 	C:\WINDOWS\SYSTEM32\kernel.appcore.dll
0x00007ff97ed00000 - 0x00007ff97ed10000 	C:\Program Files\Java\jdk-11.0.12\bin\verify.dll
0x00007ff973240000 - 0x00007ff973424000 	C:\WINDOWS\SYSTEM32\DBGHELP.DLL
0x00007ff973060000 - 0x00007ff97308c000 	C:\WINDOWS\SYSTEM32\dbgcore.DLL
0x00007ff983170000 - 0x00007ff9831f2000 	C:\WINDOWS\System32\bcryptPrimitives.dll
0x00007ff97c490000 - 0x00007ff97c4b8000 	C:\Program Files\Java\jdk-11.0.12\bin\java.dll
0x00007ff97ca70000 - 0x00007ff97ca7a000 	C:\Program Files\Java\jdk-11.0.12\bin\jimage.dll
0x00007ff97ef20000 - 0x00007ff97ef2e000 	C:\Program Files\Java\jdk-11.0.12\bin\instrument.dll
0x00007ff975b00000 - 0x00007ff975b16000 	C:\Program Files\Java\jdk-11.0.12\bin\zip.dll
0x00007ff9840c0000 - 0x00007ff984804000 	C:\WINDOWS\System32\SHELL32.dll
0x00007ff981110000 - 0x00007ff9818a4000 	C:\WINDOWS\SYSTEM32\windows.storage.dll
0x00007ff984e20000 - 0x00007ff985174000 	C:\WINDOWS\System32\combase.dll
0x00007ff9829c0000 - 0x00007ff9829ec000 	C:\WINDOWS\SYSTEM32\Wldp.dll
0x00007ff9848c0000 - 0x00007ff98496d000 	C:\WINDOWS\System32\SHCORE.dll
0x00007ff983bc0000 - 0x00007ff983c15000 	C:\WINDOWS\System32\shlwapi.dll
0x00007ff982f70000 - 0x00007ff982f8f000 	C:\WINDOWS\SYSTEM32\profapi.dll
0x00007ff975ae0000 - 0x00007ff975af9000 	C:\Program Files\Java\jdk-11.0.12\bin\net.dll
0x00007ff97b630000 - 0x00007ff97b73a000 	C:\WINDOWS\SYSTEM32\WINHTTP.dll
0x00007ff9827a0000 - 0x00007ff98280a000 	C:\WINDOWS\system32\mswsock.dll
0x00007ff975ac0000 - 0x00007ff975ad2000 	C:\Program Files\Java\jdk-11.0.12\bin\nio.dll
0x00007ff97df90000 - 0x00007ff97dfaa000 	C:\Program Files\JetBrains\IntelliJ IDEA Community Edition 2021.2.1\bin\breakgen64.dll
0x00007ff97e970000 - 0x00007ff97e979000 	C:\Program Files\Java\jdk-11.0.12\bin\management.dll
0x00007ff97e2f0000 - 0x00007ff97e2fb000 	C:\Program Files\Java\jdk-11.0.12\bin\management_ext.dll
0x00007ff96f3c0000 - 0x00007ff96f3d7000 	C:\WINDOWS\system32\napinsp.dll
0x00007ff96c8d0000 - 0x00007ff96c8eb000 	C:\WINDOWS\system32\pnrpnsp.dll
0x00007ff96c8b0000 - 0x00007ff96c8c5000 	C:\WINDOWS\system32\wshbth.dll
0x00007ff97edd0000 - 0x00007ff97eded000 	C:\WINDOWS\system32\NLAapi.dll
0x00007ff982460000 - 0x00007ff98249b000 	C:\WINDOWS\SYSTEM32\IPHLPAPI.DLL
0x00007ff9824a0000 - 0x00007ff98256b000 	C:\WINDOWS\SYSTEM32\DNSAPI.dll
0x00007ff984df0000 - 0x00007ff984df8000 	C:\WINDOWS\System32\NSI.dll
0x00007ff96c850000 - 0x00007ff96c862000 	C:\WINDOWS\System32\winrnr.dll
0x00007ff976440000 - 0x00007ff97644a000 	C:\Windows\System32\rasadhlp.dll
0x00007ff97b320000 - 0x00007ff97b39f000 	C:\WINDOWS\System32\fwpuclnt.dll
0x00007ff983140000 - 0x00007ff983167000 	C:\WINDOWS\System32\bcrypt.dll
0x00007ff982a00000 - 0x00007ff982a18000 	C:\WINDOWS\SYSTEM32\CRYPTSP.dll
0x00007ff9820d0000 - 0x00007ff982104000 	C:\WINDOWS\system32\rsaenh.dll
0x00007ff982ef0000 - 0x00007ff982f1e000 	C:\WINDOWS\SYSTEM32\USERENV.dll
0x00007ff982930000 - 0x00007ff98293c000 	C:\WINDOWS\SYSTEM32\CRYPTBASE.dll
0x00007ff97bec0000 - 0x00007ff97bed7000 	C:\WINDOWS\SYSTEM32\dhcpcsvc6.DLL
0x00007ff97bd50000 - 0x00007ff97bd6d000 	C:\WINDOWS\SYSTEM32\dhcpcsvc.DLL

dbghelp: loaded successfully - version: 4.0.5 - missing functions: none
symbol engine: initialized successfully - sym options: 0x614 - pdb path: .;C:\Program Files\Java\jdk-11.0.12\bin;C:\WINDOWS\SYSTEM32;C:\WINDOWS\WinSxS\amd64_microsoft.windows.common-controls_6595b64144ccf1df_6.0.19041.1110_none_60b5254171f9507e;C:\Program Files\Java\jdk-11.0.12\bin\server;C:\Program Files\JetBrains\IntelliJ IDEA Community Edition 2021.2.1\bin

VM Arguments:
jvm_args: -javaagent:C:\Program Files\JetBrains\IntelliJ IDEA Community Edition 2021.2.1\lib\idea_rt.jar=51400:C:\Program Files\JetBrains\IntelliJ IDEA Community Edition 2021.2.1\bin -Dfile.encoding=UTF-8 
java_command: com.dh.clinica.ClinicaOdontologicaApplication
java_class_path (initial): C:\Users\Usuario\Documents\Akademie\Desarrollo\Certified Tech Developer\bimestres\3\backEnd1\clases\3-frameworkAgil\clinica-odontologica\target\classes;C:\Users\Usuario\.m2\repository\org\springframework\boot\spring-boot-starter-web\2.5.3\spring-boot-starter-web-2.5.3.jar;C:\Users\Usuario\.m2\repository\org\springframework\boot\spring-boot-starter\2.5.3\spring-boot-starter-2.5.3.jar;C:\Users\Usuario\.m2\repository\org\springframework\boot\spring-boot\2.5.3\spring-boot-2.5.3.jar;C:\Users\Usuario\.m2\repository\org\springframework\boot\spring-boot-autoconfigure\2.5.3\spring-boot-autoconfigure-2.5.3.jar;C:\Users\Usuario\.m2\repository\org\springframework\boot\spring-boot-starter-logging\2.5.3\spring-boot-starter-logging-2.5.3.jar;C:\Users\Usuario\.m2\repository\ch\qos\logback\logback-classic\1.2.4\logback-classic-1.2.4.jar;C:\Users\Usuario\.m2\repository\ch\qos\logback\logback-core\1.2.4\logback-core-1.2.4.jar;C:\Users\Usuario\.m2\repository\org\apache\logging\log4j\log4j-to-slf4j\2.14.1\log4j-to-slf4j-2.14.1.jar;C:\Users\Usuario\.m2\repository\org\apache\logging\log4j\log4j-api\2.14.1\log4j-api-2.14.1.jar;C:\Users\Usuario\.m2\repository\org\slf4j\jul-to-slf4j\1.7.32\jul-to-slf4j-1.7.32.jar;C:\Users\Usuario\.m2\repository\jakarta\annotation\jakarta.annotation-api\1.3.5\jakarta.annotation-api-1.3.5.jar;C:\Users\Usuario\.m2\repository\org\yaml\snakeyaml\1.28\snakeyaml-1.28.jar;C:\Users\Usuario\.m2\repository\org\springframework\boot\spring-boot-starter-json\2.5.3\spring-boot-starter-json-2.5.3.jar;C:\Users\Usuario\.m2\repository\com\fasterxml\jackson\datatype\jackson-datatype-jsr310\2.12.4\jackson-datatype-jsr310-2.12.4.jar;C:\Users\Usuario\.m2\repository\com\fasterxml\jackson\module\jackson-module-parameter-names\2.12.4\jackson-module-parameter-names-2.12.4.jar;C:\Users\Usuario\.m2\repository\org\springframework\boot\spring-boot-starter-tomcat\2.5.3\spring-boot-starter-tomcat-2.5.3.jar;C:\Users\Usuario\.m2\repository\org\apache\tomcat\embed\
Launcher Type: SUN_STANDARD

[Global flags]
     intx CICompilerCount                          = 3                                         {product} {ergonomic}
     uint ConcGCThreads                            = 1                                         {product} {ergonomic}
     uint G1ConcRefinementThreads                  = 4                                         {product} {ergonomic}
   size_t G1HeapRegionSize                         = 1048576                                   {product} {ergonomic}
    uintx GCDrainStackTargetSize                   = 64                                        {product} {ergonomic}
   size_t InitialHeapSize                          = 201326592                                 {product} {ergonomic}
   size_t MarkStackSize                            = 4194304                                   {product} {ergonomic}
   size_t MaxHeapSize                              = 3198156800                                {product} {ergonomic}
   size_t MaxNewSize                               = 1918894080                                {product} {ergonomic}
   size_t MinHeapDeltaBytes                        = 1048576                                   {product} {ergonomic}
    uintx NonNMethodCodeHeapSize                   = 5830732                                {pd product} {ergonomic}
    uintx NonProfiledCodeHeapSize                  = 122913754                              {pd product} {ergonomic}
    uintx ProfiledCodeHeapSize                     = 122913754                              {pd product} {ergonomic}
    uintx ReservedCodeCacheSize                    = 251658240                              {pd product} {ergonomic}
     bool SegmentedCodeCache                       = true                                      {product} {ergonomic}
     bool UseCompressedClassPointers               = true                                 {lp64_product} {ergonomic}
     bool UseCompressedOops                        = true                                 {lp64_product} {ergonomic}
     bool UseG1GC                                  = true                                      {product} {ergonomic}
     bool UseLargePagesIndividualAllocation        = false                                  {pd product} {ergonomic}

Logging:
Log output configuration:
 #0: stdout all=warning uptime,level,tags
 #1: stderr all=off uptime,level,tags

Environment Variables:
JAVA_HOME=C:\Program Files\Java\jdk-11.0.12
PATH=C:\Gradle\gradle-7.3.3\bin;C:\Users\Usuario\AppData\Local\Android\Sdk\tools;C:\Users\Usuario\AppData\Local\Android\Sdk\platform-tools;C:\Program Files\Docker\Docker\resources\bin;C:\ProgramData\DockerDesktop\version-bin;C:\Program Files\nodejs\;C:\ProgramData\chocolatey\bin;C:\Program Files\Git\cmd;C:\WINDOWS\system32;C:\Windows\System32\WindowsPowerShell\v1.0;C:\HashiCorp\Vagrant\bin;C:\Program Files\Oracle\VirtualBox;C:\Program Files\Java\jdk-11.0.12\bin;C:\Program Files\Amazon\AWSCLIV2\;C:\Terraform\;C:\Program Files (x86)\Yarn\bin\;C:\Users\Usuario\AppData\Local\Programs\Python\Python39\Scripts\;C:\Users\Usuario\AppData\Local\Programs\Python\Python39\;C:\Users\Usuario\AppData\Local\Microsoft\WindowsApps;C:\Users\Usuario\AppData\Local\Programs\Microsoft VS Code\bin;C:\Users\Usuario\AppData\Roaming\npm;C:\HashiCorp\Vagrant\bin;C:\Users\Usuario\AppData\Local\Yarn\bin
USERNAME=Usuario
OS=Windows_NT
PROCESSOR_IDENTIFIER=Intel64 Family 6 Model 60 Stepping 3, GenuineIntel



---------------  S Y S T E M  ---------------

OS: Windows 10 , 64 bit Build 19041 (10.0.19041.1645)
Hyper-V role detected

CPU:total 4 (initial active 4) (2 cores per cpu, 2 threads per core) family 6 model 60 stepping 3 microcode 0x27, cmov, cx8, fxsr, mmx, sse, sse2, sse3, ssse3, sse4.1, sse4.2, popcnt, avx, avx2, aes, clmul, erms, lzcnt, ht, tsc, tscinvbit, bmi1, bmi2, fma

Memory: 4k page, system-wide physical 12196M (3410M free)
TotalPageFile size 15268M (AvailPageFile size 2M)
current process WorkingSet (physical memory assigned to process): 392M, peak: 392M
current process commit charge ("private bytes"): 492M, peak: 492M

vm_info: Java HotSpot(TM) 64-Bit Server VM (11.0.12+8-LTS-237) for windows-amd64 JRE (11.0.12+8-LTS-237), built on Jun  8 2021 11:25:59 by "mach5one" with MS VC++ 15.9 (VS2017)

END.
