#
# There is insufficient memory for the Java Runtime Environment to continue.
# Native memory allocation (mmap) failed to map 201326592 bytes for Failed to commit area from 0x0000000741600000 to 0x000000074d600000 of length 201326592.
# Possible reasons:
#   The system is out of physical RAM or swap space
#   The process is running with CompressedOops enabled, and the Java Heap may be blocking the growth of the native heap
# Possible solutions:
#   Reduce memory load on the system
#   Increase physical memory or swap space
#   Check if swap backing store is full
#   Decrease Java heap size (-Xmx/-Xms)
#   Decrease number of Java threads
#   Decrease Java thread stack sizes (-Xss)
#   Set larger code cache with -XX:ReservedCodeCacheSize=
# This output file may be truncated or incomplete.
#
#  Out of Memory Error (./open/src/hotspot/os/windows/os_windows.cpp:3273), pid=3712, tid=2400
#
# JRE version:  (11.0.12+8) (build )
# Java VM: Java HotSpot(TM) 64-Bit Server VM (11.0.12+8-LTS-237, mixed mode, sharing, tiered, compressed oops, g1 gc, windows-amd64)
# No core dump will be written. Minidumps are not enabled by default on client versions of Windows
#

---------------  S U M M A R Y ------------

Command Line: C:\Users\Usuario\AppData\Local\Temp\surefire16536663032712790012\surefirebooter7567485818125779581.jar C:\Users\Usuario\AppData\Local\Temp\surefire16536663032712790012 2022-04-18T07-45-16_555-jvmRun1 surefire6357232762992316027tmp surefire_08722082425711308838tmp

Host: Intel(R) Core(TM) i5-4200M CPU @ 2.50GHz, 4 cores, 11G,  Windows 10 , 64 bit Build 19041 (10.0.19041.1645)
Time: Mon Apr 18 07:45:17 2022 Hora estándar de Argentina elapsed time: 0.021964 seconds (0d 0h 0m 0s)

---------------  T H R E A D  ---------------

Current thread (0x00000256e52b7000):  JavaThread "Unknown thread" [_thread_in_vm, id=2400, stack(0x0000007f42f00000,0x0000007f43000000)]

Stack: [0x0000007f42f00000,0x0000007f43000000]
Native frames: (J=compiled Java code, j=interpreted, Vv=VM code, C=native code)
V  [jvm.dll+0x617d9a]
V  [jvm.dll+0x74eeef]
V  [jvm.dll+0x750599]
V  [jvm.dll+0x750c23]
V  [jvm.dll+0x2438d8]
V  [jvm.dll+0x61518a]
V  [jvm.dll+0x609f45]
V  [jvm.dll+0x2f85cc]
V  [jvm.dll+0x2f8452]
V  [jvm.dll+0x2fd106]
V  [jvm.dll+0x33f6ef]
V  [jvm.dll+0x33f120]
V  [jvm.dll+0x2d5ca8]
V  [jvm.dll+0x2d6e06]
V  [jvm.dll+0x72a977]
V  [jvm.dll+0x72c21f]
V  [jvm.dll+0x34c469]
V  [jvm.dll+0x710400]
V  [jvm.dll+0x3b5baf]
V  [jvm.dll+0x3b7cb1]
C  [jli.dll+0x520b]
C  [ucrtbase.dll+0x21bb2]
C  [KERNEL32.DLL+0x17034]
C  [ntdll.dll+0x52651]


---------------  P R O C E S S  ---------------

Threads class SMR info:
_java_thread_list=0x00000256e3180bb0, length=0, elements={
}

Java Threads: ( => current thread )

Other Threads:
  0x00000256e52cc000 GCTaskThread "GC Thread#0" [stack: 0x0000007f43000000,0x0000007f43100000] [id=15916]
  0x00000256e5311000 ConcurrentGCThread "G1 Main Marker" [stack: 0x0000007f43100000,0x0000007f43200000] [id=15220]
  0x00000256e5313800 ConcurrentGCThread "G1 Conc#0" [stack: 0x0000007f43200000,0x0000007f43300000] [id=14492]

[error occurred during error reporting (printing all threads), id 0xc0000005, EXCEPTION_ACCESS_VIOLATION (0xc0000005) at pc=0x00007fffb79a4f37]

VM state:not at safepoint (not fully initialized)

VM Mutex/Monitor currently owned by a thread:  ([mutex/lock_event])
[0x00000256e52b35f0] Heap_lock - owner thread: 0x00000256e52b7000

Heap address: 0x0000000741600000, size: 3050 MB, Compressed Oops mode: Non-zero based: 0x0000000741600000
Narrow klass base: 0x0000000000000000, Narrow klass shift: 0

GC Heap History (0 events):
No events

Deoptimization events (0 events):
No events

Classes redefined (0 events):
No events

Internal exceptions (0 events):
No events

Events (0 events):
No events


Dynamic libraries:
0x00007ff79fe00000 - 0x00007ff79fe0f000 	C:\Program Files\Java\jdk-11.0.12\bin\java.exe
0x00007ffff54d0000 - 0x00007ffff56c5000 	C:\WINDOWS\SYSTEM32\ntdll.dll
0x00007ffff3ea0000 - 0x00007ffff3f5e000 	C:\WINDOWS\System32\KERNEL32.DLL
0x00007ffff31b0000 - 0x00007ffff3478000 	C:\WINDOWS\System32\KERNELBASE.dll
0x00007ffff2db0000 - 0x00007ffff2eb0000 	C:\WINDOWS\System32\ucrtbase.dll
0x00007fffe3d10000 - 0x00007fffe3d25000 	C:\Program Files\Java\jdk-11.0.12\bin\VCRUNTIME140.dll
0x00007fffe3d30000 - 0x00007fffe3d48000 	C:\Program Files\Java\jdk-11.0.12\bin\jli.dll
0x00007ffff4260000 - 0x00007ffff430e000 	C:\WINDOWS\System32\ADVAPI32.dll
0x00007ffff41c0000 - 0x00007ffff425e000 	C:\WINDOWS\System32\msvcrt.dll
0x00007ffff3d70000 - 0x00007ffff3e0c000 	C:\WINDOWS\System32\sechost.dll
0x00007ffff5350000 - 0x00007ffff5475000 	C:\WINDOWS\System32\RPCRT4.dll
0x00007ffff4780000 - 0x00007ffff4920000 	C:\WINDOWS\System32\USER32.dll
0x00007fffe16a0000 - 0x00007fffe193a000 	C:\WINDOWS\WinSxS\amd64_microsoft.windows.common-controls_6595b64144ccf1df_6.0.19041.1110_none_60b5254171f9507e\COMCTL32.dll
0x00007ffff2bf0000 - 0x00007ffff2c12000 	C:\WINDOWS\System32\win32u.dll
0x00007ffff4bc0000 - 0x00007ffff4bea000 	C:\WINDOWS\System32\GDI32.dll
0x00007ffff3030000 - 0x00007ffff313b000 	C:\WINDOWS\System32\gdi32full.dll
0x00007ffff2eb0000 - 0x00007ffff2f4d000 	C:\WINDOWS\System32\msvcp_win.dll
0x00007fffe3880000 - 0x00007fffe388a000 	C:\WINDOWS\SYSTEM32\VERSION.dll
0x00007ffff3e70000 - 0x00007ffff3ea0000 	C:\WINDOWS\System32\IMM32.DLL
0x00007fffcfa50000 - 0x00007fffcfaeb000 	C:\Program Files\Java\jdk-11.0.12\bin\msvcp140.dll
0x00007fffb76c0000 - 0x00007fffb81bf000 	C:\Program Files\Java\jdk-11.0.12\bin\server\jvm.dll
0x00007ffff4bf0000 - 0x00007ffff4bf8000 	C:\WINDOWS\System32\PSAPI.DLL
0x00007fffeeaf0000 - 0x00007fffeeaf9000 	C:\WINDOWS\SYSTEM32\WSOCK32.dll
0x00007ffff3f60000 - 0x00007ffff3fcb000 	C:\WINDOWS\System32\WS2_32.dll
0x00007fffd3f00000 - 0x00007fffd3f27000 	C:\WINDOWS\SYSTEM32\WINMM.dll
0x00007ffff0ad0000 - 0x00007ffff0ae2000 	C:\WINDOWS\SYSTEM32\kernel.appcore.dll
0x00007fffe8270000 - 0x00007fffe8280000 	C:\Program Files\Java\jdk-11.0.12\bin\verify.dll
0x00007fffdead0000 - 0x00007fffdecb4000 	C:\WINDOWS\SYSTEM32\DBGHELP.DLL
0x00007fffdeaa0000 - 0x00007fffdeacc000 	C:\WINDOWS\SYSTEM32\dbgcore.DLL
0x00007ffff2f50000 - 0x00007ffff2fd2000 	C:\WINDOWS\System32\bcryptPrimitives.dll
0x00007fffe3aa0000 - 0x00007fffe3ac8000 	C:\Program Files\Java\jdk-11.0.12\bin\java.dll
0x00007fffe8060000 - 0x00007fffe806a000 	C:\Program Files\Java\jdk-11.0.12\bin\jimage.dll
0x00007fffe3cf0000 - 0x00007fffe3d06000 	C:\Program Files\Java\jdk-11.0.12\bin\zip.dll

dbghelp: loaded successfully - version: 4.0.5 - missing functions: none
symbol engine: initialized successfully - sym options: 0x614 - pdb path: .;C:\Program Files\Java\jdk-11.0.12\bin;C:\WINDOWS\SYSTEM32;C:\WINDOWS\WinSxS\amd64_microsoft.windows.common-controls_6595b64144ccf1df_6.0.19041.1110_none_60b5254171f9507e;C:\Program Files\Java\jdk-11.0.12\bin\server

VM Arguments:
java_command: C:\Users\Usuario\AppData\Local\Temp\surefire16536663032712790012\surefirebooter7567485818125779581.jar C:\Users\Usuario\AppData\Local\Temp\surefire16536663032712790012 2022-04-18T07-45-16_555-jvmRun1 surefire6357232762992316027tmp surefire_08722082425711308838tmp
java_class_path (initial): C:\Users\Usuario\AppData\Local\Temp\surefire16536663032712790012\surefirebooter7567485818125779581.jar
Launcher Type: SUN_STANDARD

[Global flags]
     intx CICompilerCount                          = 3                                         {product} {ergonomic}
     uint ConcGCThreads                            = 1                                         {product} {ergonomic}
     uint G1ConcRefinementThreads                  = 4                                         {product} {ergonomic}
   size_t G1HeapRegionSize                         = 1048576                                   {product} {ergonomic}
    uintx GCDrainStackTargetSize                   = 64                                        {product} {ergonomic}
   size_t InitialHeapSize                          = 201326592                                 {product} {ergonomic}
   size_t MarkStackSize                            = 4194304                                   {product} {ergonomic}
   size_t MaxHeapSize                              = 3198156800                                {product} {ergonomic}
   size_t MinHeapDeltaBytes                        = 1048576                                   {product} {ergonomic}
    uintx NonNMethodCodeHeapSize                   = 5830732                                {pd product} {ergonomic}
    uintx NonProfiledCodeHeapSize                  = 122913754                              {pd product} {ergonomic}
    uintx ProfiledCodeHeapSize                     = 122913754                              {pd product} {ergonomic}
    uintx ReservedCodeCacheSize                    = 251658240                              {pd product} {ergonomic}
     bool SegmentedCodeCache                       = true                                      {product} {ergonomic}
     bool UseCompressedClassPointers               = true                                 {lp64_product} {ergonomic}
     bool UseCompressedOops                        = true                                 {lp64_product} {ergonomic}
     bool UseG1GC                                  = true                                      {product} {ergonomic}
     bool UseLargePagesIndividualAllocation        = false                                  {pd product} {ergonomic}

Logging:
Log output configuration:
 #0: stdout all=warning uptime,level,tags
 #1: stderr all=off uptime,level,tags

Environment Variables:
JAVA_HOME=C:\Program Files\Java\jdk-11.0.12
PATH=C:\Gradle\gradle-7.3.3\bin;C:\Users\Usuario\AppData\Local\Android\Sdk\tools;C:\Users\Usuario\AppData\Local\Android\Sdk\platform-tools;C:\Program Files\Docker\Docker\resources\bin;C:\ProgramData\DockerDesktop\version-bin;C:\Program Files\nodejs\;C:\ProgramData\chocolatey\bin;C:\Program Files\Git\cmd;C:\WINDOWS\system32;C:\Windows\System32\WindowsPowerShell\v1.0;C:\HashiCorp\Vagrant\bin;C:\Program Files\Oracle\VirtualBox;C:\Program Files\Java\jdk-11.0.12\bin;C:\Program Files\Amazon\AWSCLIV2\;C:\Terraform\;C:\Program Files (x86)\Yarn\bin\;C:\Users\Usuario\AppData\Local\Programs\Python\Python39\Scripts\;C:\Users\Usuario\AppData\Local\Programs\Python\Python39\;C:\Users\Usuario\AppData\Local\Microsoft\WindowsApps;C:\Users\Usuario\AppData\Local\Programs\Microsoft VS Code\bin;C:\Users\Usuario\AppData\Roaming\npm;C:\HashiCorp\Vagrant\bin;C:\Users\Usuario\AppData\Local\Yarn\bin
USERNAME=Usuario
OS=Windows_NT
PROCESSOR_IDENTIFIER=Intel64 Family 6 Model 60 Stepping 3, GenuineIntel



---------------  S Y S T E M  ---------------

OS: Windows 10 , 64 bit Build 19041 (10.0.19041.1645)
Hyper-V role detected

CPU:total 4 (initial active 4) (2 cores per cpu, 2 threads per core) family 6 model 60 stepping 3 microcode 0x27, cmov, cx8, fxsr, mmx, sse, sse2, sse3, ssse3, sse4.1, sse4.2, popcnt, avx, avx2, aes, clmul, erms, lzcnt, ht, tsc, tscinvbit, bmi1, bmi2, fma

Memory: 4k page, system-wide physical 12196M (3450M free)
TotalPageFile size 15268M (AvailPageFile size 121M)
current process WorkingSet (physical memory assigned to process): 9M, peak: 9M
current process commit charge ("private bytes"): 51M, peak: 243M

vm_info: Java HotSpot(TM) 64-Bit Server VM (11.0.12+8-LTS-237) for windows-amd64 JRE (11.0.12+8-LTS-237), built on Jun  8 2021 11:25:59 by "mach5one" with MS VC++ 15.9 (VS2017)

END.
