#
# There is insufficient memory for the Java Runtime Environment to continue.
# Native memory allocation (malloc) failed to allocate 1217296 bytes for Chunk::new
# Possible reasons:
#   The system is out of physical RAM or swap space
#   The process is running with CompressedOops enabled, and the Java Heap may be blocking the growth of the native heap
# Possible solutions:
#   Reduce memory load on the system
#   Increase physical memory or swap space
#   Check if swap backing store is full
#   Decrease Java heap size (-Xmx/-Xms)
#   Decrease number of Java threads
#   Decrease Java thread stack sizes (-Xss)
#   Set larger code cache with -XX:ReservedCodeCacheSize=
#   JVM is running with Zero Based Compressed Oops mode in which the Java heap is
#     placed in the first 32GB address space. The Java Heap base address is the
#     maximum limit for the native heap growth. Please use -XX:HeapBaseMinAddress
#     to set the Java Heap base and to place the Java Heap above 32GB virtual address.
# This output file may be truncated or incomplete.
#
#  Out of Memory Error (./open/src/hotspot/share/memory/arena.cpp:197), pid=16360, tid=12876
#
# JRE version: Java(TM) SE Runtime Environment 18.9 (11.0.12+8) (build 11.0.12+8-LTS-237)
# Java VM: Java HotSpot(TM) 64-Bit Server VM 18.9 (11.0.12+8-LTS-237, mixed mode, tiered, compressed oops, g1 gc, windows-amd64)
# No core dump will be written. Minidumps are not enabled by default on client versions of Windows
#

---------------  S U M M A R Y ------------

Command Line: -javaagent:C:\Program Files\JetBrains\IntelliJ IDEA Community Edition 2021.2.1\lib\idea_rt.jar=64575:C:\Program Files\JetBrains\IntelliJ IDEA Community Edition 2021.2.1\bin -Dfile.encoding=UTF-8 com.dh.clinica.ClinicaOdontologicaApplication

Host: Intel(R) Core(TM) i5-4200M CPU @ 2.50GHz, 4 cores, 11G,  Windows 10 , 64 bit Build 19041 (10.0.19041.1645)
Time: Sat Apr 16 12:18:14 2022 Hora estándar de Argentina elapsed time: 35.557992 seconds (0d 0h 0m 35s)

---------------  T H R E A D  ---------------

Current thread (0x000002964d7fe000):  JavaThread "C2 CompilerThread0" daemon [_thread_in_native, id=12876, stack(0x000000e9aea00000,0x000000e9aeb00000)]


Current CompileTask:
C2:  35558 5152       4       jdk.internal.loader.ClassLoaders$AppClassLoader::defineOrCheckPackage (8 bytes)

Stack: [0x000000e9aea00000,0x000000e9aeb00000]
Native frames: (J=compiled Java code, j=interpreted, Vv=VM code, C=native code)
V  [jvm.dll+0x617d9a]
V  [jvm.dll+0x74eeef]
V  [jvm.dll+0x750599]
V  [jvm.dll+0x750c23]
V  [jvm.dll+0x2438d8]
V  [jvm.dll+0xba6dc]
V  [jvm.dll+0xbac9c]
V  [jvm.dll+0x346972]
V  [jvm.dll+0x193e79]
V  [jvm.dll+0x1fd212]
V  [jvm.dll+0x1fc2ed]
V  [jvm.dll+0x17f18c]
V  [jvm.dll+0x20b87c]
V  [jvm.dll+0x20997b]
V  [jvm.dll+0x716359]
V  [jvm.dll+0x70f064]
V  [jvm.dll+0x616f66]
C  [ucrtbase.dll+0x21bb2]
C  [KERNEL32.DLL+0x17034]
C  [ntdll.dll+0x52651]


---------------  P R O C E S S  ---------------

Threads class SMR info:
_java_thread_list=0x000002965117e480, length=29, elements={
0x000002964cf7a800, 0x000002964cf84000, 0x000002964d7f6800, 0x000002964d7f9800,
0x000002964d7fa800, 0x000002964d7fe000, 0x000002964d801000, 0x000002964d85f000,
0x000002964cf31800, 0x000002964de0d000, 0x00000296511f9800, 0x0000029650be8800,
0x0000029651359800, 0x000002965247c800, 0x000002964f559800, 0x0000029652bd0800,
0x0000029652bce800, 0x0000029652bce000, 0x0000029652bcf800, 0x000002964dcdc000,
0x000002964dce0000, 0x000002964dcdb800, 0x000002964dcda800, 0x000002964dce1000,
0x000002964dcdd000, 0x000002964dce2000, 0x000002964dce2800, 0x000002964dce3800,
0x0000029653c95000
}

Java Threads: ( => current thread )
  0x000002964cf7a800 JavaThread "Reference Handler" daemon [_thread_blocked, id=7932, stack(0x000000e9ae500000,0x000000e9ae600000)]
  0x000002964cf84000 JavaThread "Finalizer" daemon [_thread_blocked, id=12260, stack(0x000000e9ae600000,0x000000e9ae700000)]
  0x000002964d7f6800 JavaThread "Signal Dispatcher" daemon [_thread_blocked, id=7280, stack(0x000000e9ae700000,0x000000e9ae800000)]
  0x000002964d7f9800 JavaThread "Attach Listener" daemon [_thread_blocked, id=4704, stack(0x000000e9ae800000,0x000000e9ae900000)]
  0x000002964d7fa800 JavaThread "Service Thread" daemon [_thread_blocked, id=14012, stack(0x000000e9ae900000,0x000000e9aea00000)]
=>0x000002964d7fe000 JavaThread "C2 CompilerThread0" daemon [_thread_in_native, id=12876, stack(0x000000e9aea00000,0x000000e9aeb00000)]
  0x000002964d801000 JavaThread "C1 CompilerThread0" daemon [_thread_blocked, id=9660, stack(0x000000e9aeb00000,0x000000e9aec00000)]
  0x000002964d85f000 JavaThread "Sweeper thread" daemon [_thread_blocked, id=15100, stack(0x000000e9aec00000,0x000000e9aed00000)]
  0x000002964cf31800 JavaThread "Common-Cleaner" daemon [_thread_blocked, id=12488, stack(0x000000e9aed00000,0x000000e9aee00000)]
  0x000002964de0d000 JavaThread "Monitor Ctrl-Break" daemon [_thread_in_native, id=6568, stack(0x000000e9aef00000,0x000000e9af000000)]
  0x00000296511f9800 JavaThread "MVStore background writer nio:C:/Users/Usuario/clinicadental.mv.db" daemon [_thread_blocked, id=4688, stack(0x000000e9af400000,0x000000e9af500000)]
  0x0000029650be8800 JavaThread "HikariPool-1 housekeeper" daemon [_thread_blocked, id=12844, stack(0x000000e9af500000,0x000000e9af600000)]
  0x0000029651359800 JavaThread "Catalina-utility-1" [_thread_blocked, id=14436, stack(0x000000e9af700000,0x000000e9af800000)]
  0x000002965247c800 JavaThread "Catalina-utility-2" [_thread_blocked, id=3996, stack(0x000000e9af800000,0x000000e9af900000)]
  0x000002964f559800 JavaThread "container-0" [_thread_blocked, id=17144, stack(0x000000e9af900000,0x000000e9afa00000)]
  0x0000029652bd0800 JavaThread "http-nio-8080-exec-1" daemon [_thread_blocked, id=8608, stack(0x000000e9afa00000,0x000000e9afb00000)]
  0x0000029652bce800 JavaThread "http-nio-8080-exec-2" daemon [_thread_blocked, id=16080, stack(0x000000e9afb00000,0x000000e9afc00000)]
  0x0000029652bce000 JavaThread "http-nio-8080-exec-3" daemon [_thread_blocked, id=9184, stack(0x000000e9afc00000,0x000000e9afd00000)]
  0x0000029652bcf800 JavaThread "http-nio-8080-exec-4" daemon [_thread_blocked, id=13120, stack(0x000000e9afd00000,0x000000e9afe00000)]
  0x000002964dcdc000 JavaThread "http-nio-8080-exec-5" daemon [_thread_blocked, id=13208, stack(0x000000e9afe00000,0x000000e9aff00000)]
  0x000002964dce0000 JavaThread "http-nio-8080-exec-6" daemon [_thread_blocked, id=13016, stack(0x000000e9aff00000,0x000000e9b0000000)]
  0x000002964dcdb800 JavaThread "http-nio-8080-exec-7" daemon [_thread_blocked, id=10532, stack(0x000000e9b0000000,0x000000e9b0100000)]
  0x000002964dcda800 JavaThread "http-nio-8080-exec-8" daemon [_thread_blocked, id=15824, stack(0x000000e9b0100000,0x000000e9b0200000)]
  0x000002964dce1000 JavaThread "http-nio-8080-exec-9" daemon [_thread_blocked, id=12312, stack(0x000000e9b0200000,0x000000e9b0300000)]
  0x000002964dcdd000 JavaThread "http-nio-8080-exec-10" daemon [_thread_blocked, id=13520, stack(0x000000e9b0300000,0x000000e9b0400000)]
  0x000002964dce2000 JavaThread "http-nio-8080-Poller" daemon [_thread_in_native, id=15596, stack(0x000000e9b0400000,0x000000e9b0500000)]
  0x000002964dce2800 JavaThread "http-nio-8080-Acceptor" daemon [_thread_in_native, id=14208, stack(0x000000e9b0500000,0x000000e9b0600000)]
  0x000002964dce3800 JavaThread "DestroyJavaVM" [_thread_blocked, id=3432, stack(0x000000e9ade00000,0x000000e9adf00000)]
  0x0000029653c95000 JavaThread "C2 CompilerThread1" daemon [_thread_in_native, id=14368, stack(0x000000e9b0600000,0x000000e9b0700000)]

Other Threads:
  0x000002964cf75000 VMThread "VM Thread" [stack: 0x000000e9ae400000,0x000000e9ae500000] [id=12904]
  0x000002964db3b000 WatcherThread [stack: 0x000000e9af000000,0x000000e9af100000] [id=13192]
  0x000002962c458000 GCTaskThread "GC Thread#0" [stack: 0x000000e9adf00000,0x000000e9ae000000] [id=1104]
  0x000002964e261800 GCTaskThread "GC Thread#1" [stack: 0x000000e9af100000,0x000000e9af200000] [id=9688]
  0x000002964e3e3000 GCTaskThread "GC Thread#2" [stack: 0x000000e9af200000,0x000000e9af300000] [id=7216]
  0x000002964e620800 GCTaskThread "GC Thread#3" [stack: 0x000000e9af300000,0x000000e9af400000] [id=3712]
  0x000002962c49e000 ConcurrentGCThread "G1 Main Marker" [stack: 0x000000e9ae000000,0x000000e9ae100000] [id=15004]
  0x000002962c49f800 ConcurrentGCThread "G1 Conc#0" [stack: 0x000000e9ae100000,0x000000e9ae200000] [id=5148]
  0x000002962c51d800 ConcurrentGCThread "G1 Refine#0" [stack: 0x000000e9ae200000,0x000000e9ae300000] [id=13584]
  0x000002964cdde800 ConcurrentGCThread "G1 Young RemSet Sampling" [stack: 0x000000e9ae300000,0x000000e9ae400000] [id=8116]

Threads with active compile tasks:
C2 CompilerThread0  35603 5152       4       jdk.internal.loader.ClassLoaders$AppClassLoader::defineOrCheckPackage (8 bytes)
C2 CompilerThread1  35603 5185       4       sun.net.www.protocol.jar.Handler::parseURL (212 bytes)

VM state:not at safepoint (normal execution)

VM Mutex/Monitor currently owned by a thread: None

Heap address: 0x0000000741600000, size: 3050 MB, Compressed Oops mode: Zero based, Oop shift amount: 3
Narrow klass base: 0x0000000800000000, Narrow klass shift: 0
Compressed class space size: 1073741824 Address: 0x0000000800000000

Heap:
 garbage-first heap   total 236544K, used 101649K [0x0000000741600000, 0x0000000800000000)
  region size 1024K, 90 young (92160K), 12 survivors (12288K)
 Metaspace       used 67901K, capacity 69595K, committed 69796K, reserved 1110016K
  class space    used 8491K, capacity 9158K, committed 9292K, reserved 1048576K
Heap Regions: E=young(eden), S=young(survivor), O=old, HS=humongous(starts), HC=humongous(continues), CS=collection set, F=free, A=archive, TAMS=top-at-mark-start (previous, next)
|   0|0x0000000741600000, 0x0000000741700000, 0x0000000741700000|100%|HS|  |TAMS 0x0000000741700000, 0x0000000741600000| Complete 
|   1|0x0000000741700000, 0x0000000741800000, 0x0000000741800000|100%| O|  |TAMS 0x0000000741800000, 0x0000000741700000| Untracked 
|   2|0x0000000741800000, 0x0000000741900000, 0x0000000741900000|100%| O|  |TAMS 0x0000000741900000, 0x0000000741800000| Untracked 
|   3|0x0000000741900000, 0x0000000741a00000, 0x0000000741a00000|100%| O|  |TAMS 0x0000000741a00000, 0x0000000741900000| Untracked 
|   4|0x0000000741a00000, 0x0000000741b00000, 0x0000000741b00000|100%| O|  |TAMS 0x0000000741b00000, 0x0000000741a00000| Untracked 
|   5|0x0000000741b00000, 0x0000000741c00000, 0x0000000741c00000|100%| O|  |TAMS 0x0000000741c00000, 0x0000000741b00000| Untracked 
|   6|0x0000000741c00000, 0x0000000741d00000, 0x0000000741d00000|100%| O|  |TAMS 0x0000000741d00000, 0x0000000741c00000| Untracked 
|   7|0x0000000741d00000, 0x0000000741e00000, 0x0000000741e00000|100%|HS|  |TAMS 0x0000000741e00000, 0x0000000741d00000| Complete 
|   8|0x0000000741e00000, 0x0000000741f00000, 0x0000000741f00000|100%|HC|  |TAMS 0x0000000741f00000, 0x0000000741e00000| Complete 
|   9|0x0000000741f00000, 0x0000000742000000, 0x0000000742000000|100%| O|  |TAMS 0x0000000742000000, 0x0000000741f00000| Untracked 
|  10|0x0000000742000000, 0x0000000742084e00, 0x0000000742100000| 51%| O|  |TAMS 0x0000000742084e00, 0x0000000742000000| Untracked 
|  11|0x0000000742100000, 0x0000000742100000, 0x0000000742200000|  0%| F|  |TAMS 0x0000000742100000, 0x0000000742100000| Untracked 
|  12|0x0000000742200000, 0x0000000742200000, 0x0000000742300000|  0%| F|  |TAMS 0x0000000742200000, 0x0000000742200000| Untracked 
|  13|0x0000000742300000, 0x0000000742300000, 0x0000000742400000|  0%| F|  |TAMS 0x0000000742300000, 0x0000000742300000| Untracked 
|  14|0x0000000742400000, 0x0000000742400000, 0x0000000742500000|  0%| F|  |TAMS 0x0000000742400000, 0x0000000742400000| Untracked 
|  15|0x0000000742500000, 0x0000000742500000, 0x0000000742600000|  0%| F|  |TAMS 0x0000000742500000, 0x0000000742500000| Untracked 
|  16|0x0000000742600000, 0x0000000742600000, 0x0000000742700000|  0%| F|  |TAMS 0x0000000742600000, 0x0000000742600000| Untracked 
|  17|0x0000000742700000, 0x0000000742700000, 0x0000000742800000|  0%| F|  |TAMS 0x0000000742700000, 0x0000000742700000| Untracked 
|  18|0x0000000742800000, 0x0000000742800000, 0x0000000742900000|  0%| F|  |TAMS 0x0000000742800000, 0x0000000742800000| Untracked 
|  19|0x0000000742900000, 0x0000000742900000, 0x0000000742a00000|  0%| F|  |TAMS 0x0000000742900000, 0x0000000742900000| Untracked 
|  20|0x0000000742a00000, 0x0000000742a00000, 0x0000000742b00000|  0%| F|  |TAMS 0x0000000742a00000, 0x0000000742a00000| Untracked 
|  21|0x0000000742b00000, 0x0000000742b00000, 0x0000000742c00000|  0%| F|  |TAMS 0x0000000742b00000, 0x0000000742b00000| Untracked 
|  22|0x0000000742c00000, 0x0000000742c00000, 0x0000000742d00000|  0%| F|  |TAMS 0x0000000742c00000, 0x0000000742c00000| Untracked 
|  23|0x0000000742d00000, 0x0000000742d00000, 0x0000000742e00000|  0%| F|  |TAMS 0x0000000742d00000, 0x0000000742d00000| Untracked 
|  24|0x0000000742e00000, 0x0000000742e00000, 0x0000000742f00000|  0%| F|  |TAMS 0x0000000742e00000, 0x0000000742e00000| Untracked 
|  25|0x0000000742f00000, 0x0000000742f00000, 0x0000000743000000|  0%| F|  |TAMS 0x0000000742f00000, 0x0000000742f00000| Untracked 
|  26|0x0000000743000000, 0x0000000743000000, 0x0000000743100000|  0%| F|  |TAMS 0x0000000743000000, 0x0000000743000000| Untracked 
|  27|0x0000000743100000, 0x0000000743100000, 0x0000000743200000|  0%| F|  |TAMS 0x0000000743100000, 0x0000000743100000| Untracked 
|  28|0x0000000743200000, 0x0000000743200000, 0x0000000743300000|  0%| F|  |TAMS 0x0000000743200000, 0x0000000743200000| Untracked 
|  29|0x0000000743300000, 0x0000000743300000, 0x0000000743400000|  0%| F|  |TAMS 0x0000000743300000, 0x0000000743300000| Untracked 
|  30|0x0000000743400000, 0x0000000743400000, 0x0000000743500000|  0%| F|  |TAMS 0x0000000743400000, 0x0000000743400000| Untracked 
|  31|0x0000000743500000, 0x0000000743500000, 0x0000000743600000|  0%| F|  |TAMS 0x0000000743500000, 0x0000000743500000| Untracked 
|  32|0x0000000743600000, 0x0000000743600000, 0x0000000743700000|  0%| F|  |TAMS 0x0000000743600000, 0x0000000743600000| Untracked 
|  33|0x0000000743700000, 0x0000000743700000, 0x0000000743800000|  0%| F|  |TAMS 0x0000000743700000, 0x0000000743700000| Untracked 
|  34|0x0000000743800000, 0x0000000743800000, 0x0000000743900000|  0%| F|  |TAMS 0x0000000743800000, 0x0000000743800000| Untracked 
|  35|0x0000000743900000, 0x0000000743900000, 0x0000000743a00000|  0%| F|  |TAMS 0x0000000743900000, 0x0000000743900000| Untracked 
|  36|0x0000000743a00000, 0x0000000743a00000, 0x0000000743b00000|  0%| F|  |TAMS 0x0000000743a00000, 0x0000000743a00000| Untracked 
|  37|0x0000000743b00000, 0x0000000743b00000, 0x0000000743c00000|  0%| F|  |TAMS 0x0000000743b00000, 0x0000000743b00000| Untracked 
|  38|0x0000000743c00000, 0x0000000743c00000, 0x0000000743d00000|  0%| F|  |TAMS 0x0000000743c00000, 0x0000000743c00000| Untracked 
|  39|0x0000000743d00000, 0x0000000743d00000, 0x0000000743e00000|  0%| F|  |TAMS 0x0000000743d00000, 0x0000000743d00000| Untracked 
|  40|0x0000000743e00000, 0x0000000743e00000, 0x0000000743f00000|  0%| F|  |TAMS 0x0000000743e00000, 0x0000000743e00000| Untracked 
|  41|0x0000000743f00000, 0x0000000743f00000, 0x0000000744000000|  0%| F|  |TAMS 0x0000000743f00000, 0x0000000743f00000| Untracked 
|  42|0x0000000744000000, 0x0000000744000000, 0x0000000744100000|  0%| F|  |TAMS 0x0000000744000000, 0x0000000744000000| Untracked 
|  43|0x0000000744100000, 0x0000000744100000, 0x0000000744200000|  0%| F|  |TAMS 0x0000000744100000, 0x0000000744100000| Untracked 
|  44|0x0000000744200000, 0x0000000744200000, 0x0000000744300000|  0%| F|  |TAMS 0x0000000744200000, 0x0000000744200000| Untracked 
|  45|0x0000000744300000, 0x0000000744300000, 0x0000000744400000|  0%| F|  |TAMS 0x0000000744300000, 0x0000000744300000| Untracked 
|  46|0x0000000744400000, 0x0000000744400000, 0x0000000744500000|  0%| F|  |TAMS 0x0000000744400000, 0x0000000744400000| Untracked 
|  47|0x0000000744500000, 0x0000000744500000, 0x0000000744600000|  0%| F|  |TAMS 0x0000000744500000, 0x0000000744500000| Untracked 
|  48|0x0000000744600000, 0x0000000744600000, 0x0000000744700000|  0%| F|  |TAMS 0x0000000744600000, 0x0000000744600000| Untracked 
|  49|0x0000000744700000, 0x0000000744700000, 0x0000000744800000|  0%| F|  |TAMS 0x0000000744700000, 0x0000000744700000| Untracked 
|  50|0x0000000744800000, 0x0000000744800000, 0x0000000744900000|  0%| F|  |TAMS 0x0000000744800000, 0x0000000744800000| Untracked 
|  51|0x0000000744900000, 0x0000000744900000, 0x0000000744a00000|  0%| F|  |TAMS 0x0000000744900000, 0x0000000744900000| Untracked 
|  52|0x0000000744a00000, 0x0000000744a00000, 0x0000000744b00000|  0%| F|  |TAMS 0x0000000744a00000, 0x0000000744a00000| Untracked 
|  53|0x0000000744b00000, 0x0000000744b00000, 0x0000000744c00000|  0%| F|  |TAMS 0x0000000744b00000, 0x0000000744b00000| Untracked 
|  54|0x0000000744c00000, 0x0000000744c00000, 0x0000000744d00000|  0%| F|  |TAMS 0x0000000744c00000, 0x0000000744c00000| Untracked 
|  55|0x0000000744d00000, 0x0000000744d00000, 0x0000000744e00000|  0%| F|  |TAMS 0x0000000744d00000, 0x0000000744d00000| Untracked 
|  56|0x0000000744e00000, 0x0000000744e00000, 0x0000000744f00000|  0%| F|  |TAMS 0x0000000744e00000, 0x0000000744e00000| Untracked 
|  57|0x0000000744f00000, 0x0000000744f00000, 0x0000000745000000|  0%| F|  |TAMS 0x0000000744f00000, 0x0000000744f00000| Untracked 
|  58|0x0000000745000000, 0x0000000745000000, 0x0000000745100000|  0%| F|  |TAMS 0x0000000745000000, 0x0000000745000000| Untracked 
|  59|0x0000000745100000, 0x0000000745100000, 0x0000000745200000|  0%| F|  |TAMS 0x0000000745100000, 0x0000000745100000| Untracked 
|  60|0x0000000745200000, 0x0000000745200000, 0x0000000745300000|  0%| F|  |TAMS 0x0000000745200000, 0x0000000745200000| Untracked 
|  61|0x0000000745300000, 0x0000000745300000, 0x0000000745400000|  0%| F|  |TAMS 0x0000000745300000, 0x0000000745300000| Untracked 
|  62|0x0000000745400000, 0x0000000745400000, 0x0000000745500000|  0%| F|  |TAMS 0x0000000745400000, 0x0000000745400000| Untracked 
|  63|0x0000000745500000, 0x0000000745500000, 0x0000000745600000|  0%| F|  |TAMS 0x0000000745500000, 0x0000000745500000| Untracked 
|  64|0x0000000745600000, 0x0000000745600000, 0x0000000745700000|  0%| F|  |TAMS 0x0000000745600000, 0x0000000745600000| Untracked 
|  65|0x0000000745700000, 0x0000000745700000, 0x0000000745800000|  0%| F|  |TAMS 0x0000000745700000, 0x0000000745700000| Untracked 
|  66|0x0000000745800000, 0x0000000745800000, 0x0000000745900000|  0%| F|  |TAMS 0x0000000745800000, 0x0000000745800000| Untracked 
|  67|0x0000000745900000, 0x0000000745900000, 0x0000000745a00000|  0%| F|  |TAMS 0x0000000745900000, 0x0000000745900000| Untracked 
|  68|0x0000000745a00000, 0x0000000745a00000, 0x0000000745b00000|  0%| F|  |TAMS 0x0000000745a00000, 0x0000000745a00000| Untracked 
|  69|0x0000000745b00000, 0x0000000745b00000, 0x0000000745c00000|  0%| F|  |TAMS 0x0000000745b00000, 0x0000000745b00000| Untracked 
|  70|0x0000000745c00000, 0x0000000745c00000, 0x0000000745d00000|  0%| F|  |TAMS 0x0000000745c00000, 0x0000000745c00000| Untracked 
|  71|0x0000000745d00000, 0x0000000745d00000, 0x0000000745e00000|  0%| F|  |TAMS 0x0000000745d00000, 0x0000000745d00000| Untracked 
|  72|0x0000000745e00000, 0x0000000745e00000, 0x0000000745f00000|  0%| F|  |TAMS 0x0000000745e00000, 0x0000000745e00000| Untracked 
|  73|0x0000000745f00000, 0x0000000745f00000, 0x0000000746000000|  0%| F|  |TAMS 0x0000000745f00000, 0x0000000745f00000| Untracked 
|  74|0x0000000746000000, 0x0000000746000000, 0x0000000746100000|  0%| F|  |TAMS 0x0000000746000000, 0x0000000746000000| Untracked 
|  75|0x0000000746100000, 0x0000000746100000, 0x0000000746200000|  0%| F|  |TAMS 0x0000000746100000, 0x0000000746100000| Untracked 
|  76|0x0000000746200000, 0x0000000746200000, 0x0000000746300000|  0%| F|  |TAMS 0x0000000746200000, 0x0000000746200000| Untracked 
|  77|0x0000000746300000, 0x0000000746300000, 0x0000000746400000|  0%| F|  |TAMS 0x0000000746300000, 0x0000000746300000| Untracked 
|  78|0x0000000746400000, 0x0000000746400000, 0x0000000746500000|  0%| F|  |TAMS 0x0000000746400000, 0x0000000746400000| Untracked 
|  79|0x0000000746500000, 0x0000000746500000, 0x0000000746600000|  0%| F|  |TAMS 0x0000000746500000, 0x0000000746500000| Untracked 
|  80|0x0000000746600000, 0x0000000746600000, 0x0000000746700000|  0%| F|  |TAMS 0x0000000746600000, 0x0000000746600000| Untracked 
|  81|0x0000000746700000, 0x0000000746700000, 0x0000000746800000|  0%| F|  |TAMS 0x0000000746700000, 0x0000000746700000| Untracked 
|  82|0x0000000746800000, 0x0000000746800000, 0x0000000746900000|  0%| F|  |TAMS 0x0000000746800000, 0x0000000746800000| Untracked 
|  83|0x0000000746900000, 0x0000000746900000, 0x0000000746a00000|  0%| F|  |TAMS 0x0000000746900000, 0x0000000746900000| Untracked 
|  84|0x0000000746a00000, 0x0000000746a00000, 0x0000000746b00000|  0%| F|  |TAMS 0x0000000746a00000, 0x0000000746a00000| Untracked 
|  85|0x0000000746b00000, 0x0000000746b00000, 0x0000000746c00000|  0%| F|  |TAMS 0x0000000746b00000, 0x0000000746b00000| Untracked 
|  86|0x0000000746c00000, 0x0000000746c00000, 0x0000000746d00000|  0%| F|  |TAMS 0x0000000746c00000, 0x0000000746c00000| Untracked 
|  87|0x0000000746d00000, 0x0000000746d00000, 0x0000000746e00000|  0%| F|  |TAMS 0x0000000746d00000, 0x0000000746d00000| Untracked 
|  88|0x0000000746e00000, 0x0000000746e00000, 0x0000000746f00000|  0%| F|  |TAMS 0x0000000746e00000, 0x0000000746e00000| Untracked 
|  89|0x0000000746f00000, 0x0000000746f00000, 0x0000000747000000|  0%| F|  |TAMS 0x0000000746f00000, 0x0000000746f00000| Untracked 
|  90|0x0000000747000000, 0x0000000747000000, 0x0000000747100000|  0%| F|  |TAMS 0x0000000747000000, 0x0000000747000000| Untracked 
|  91|0x0000000747100000, 0x0000000747100000, 0x0000000747200000|  0%| F|  |TAMS 0x0000000747100000, 0x0000000747100000| Untracked 
|  92|0x0000000747200000, 0x0000000747200000, 0x0000000747300000|  0%| F|  |TAMS 0x0000000747200000, 0x0000000747200000| Untracked 
|  93|0x0000000747300000, 0x0000000747300000, 0x0000000747400000|  0%| F|  |TAMS 0x0000000747300000, 0x0000000747300000| Untracked 
|  94|0x0000000747400000, 0x0000000747400000, 0x0000000747500000|  0%| F|  |TAMS 0x0000000747400000, 0x0000000747400000| Untracked 
|  95|0x0000000747500000, 0x0000000747500000, 0x0000000747600000|  0%| F|  |TAMS 0x0000000747500000, 0x0000000747500000| Untracked 
|  96|0x0000000747600000, 0x0000000747600000, 0x0000000747700000|  0%| F|  |TAMS 0x0000000747600000, 0x0000000747600000| Untracked 
|  97|0x0000000747700000, 0x0000000747700000, 0x0000000747800000|  0%| F|  |TAMS 0x0000000747700000, 0x0000000747700000| Untracked 
|  98|0x0000000747800000, 0x0000000747800000, 0x0000000747900000|  0%| F|  |TAMS 0x0000000747800000, 0x0000000747800000| Untracked 
|  99|0x0000000747900000, 0x0000000747900000, 0x0000000747a00000|  0%| F|  |TAMS 0x0000000747900000, 0x0000000747900000| Untracked 
| 100|0x0000000747a00000, 0x0000000747a00000, 0x0000000747b00000|  0%| F|  |TAMS 0x0000000747a00000, 0x0000000747a00000| Untracked 
| 101|0x0000000747b00000, 0x0000000747b00000, 0x0000000747c00000|  0%| F|  |TAMS 0x0000000747b00000, 0x0000000747b00000| Untracked 
| 102|0x0000000747c00000, 0x0000000747c00000, 0x0000000747d00000|  0%| F|  |TAMS 0x0000000747c00000, 0x0000000747c00000| Untracked 
| 103|0x0000000747d00000, 0x0000000747d00000, 0x0000000747e00000|  0%| F|  |TAMS 0x0000000747d00000, 0x0000000747d00000| Untracked 
| 104|0x0000000747e00000, 0x0000000747e00000, 0x0000000747f00000|  0%| F|  |TAMS 0x0000000747e00000, 0x0000000747e00000| Untracked 
| 105|0x0000000747f00000, 0x0000000747f00000, 0x0000000748000000|  0%| F|  |TAMS 0x0000000747f00000, 0x0000000747f00000| Untracked 
| 106|0x0000000748000000, 0x0000000748000000, 0x0000000748100000|  0%| F|  |TAMS 0x0000000748000000, 0x0000000748000000| Untracked 
| 107|0x0000000748100000, 0x0000000748100000, 0x0000000748200000|  0%| F|  |TAMS 0x0000000748100000, 0x0000000748100000| Untracked 
| 108|0x0000000748200000, 0x0000000748200000, 0x0000000748300000|  0%| F|  |TAMS 0x0000000748200000, 0x0000000748200000| Untracked 
| 109|0x0000000748300000, 0x0000000748300000, 0x0000000748400000|  0%| F|  |TAMS 0x0000000748300000, 0x0000000748300000| Untracked 
| 110|0x0000000748400000, 0x0000000748400000, 0x0000000748500000|  0%| F|  |TAMS 0x0000000748400000, 0x0000000748400000| Untracked 
| 111|0x0000000748500000, 0x0000000748500000, 0x0000000748600000|  0%| F|  |TAMS 0x0000000748500000, 0x0000000748500000| Untracked 
| 112|0x0000000748600000, 0x0000000748600000, 0x0000000748700000|  0%| F|  |TAMS 0x0000000748600000, 0x0000000748600000| Untracked 
| 113|0x0000000748700000, 0x0000000748700000, 0x0000000748800000|  0%| F|  |TAMS 0x0000000748700000, 0x0000000748700000| Untracked 
| 114|0x0000000748800000, 0x0000000748800000, 0x0000000748900000|  0%| F|  |TAMS 0x0000000748800000, 0x0000000748800000| Untracked 
| 115|0x0000000748900000, 0x0000000748900000, 0x0000000748a00000|  0%| F|  |TAMS 0x0000000748900000, 0x0000000748900000| Untracked 
| 116|0x0000000748a00000, 0x0000000748a00000, 0x0000000748b00000|  0%| F|  |TAMS 0x0000000748a00000, 0x0000000748a00000| Untracked 
| 117|0x0000000748b00000, 0x0000000748b00000, 0x0000000748c00000|  0%| F|  |TAMS 0x0000000748b00000, 0x0000000748b00000| Untracked 
| 118|0x0000000748c00000, 0x0000000748c00000, 0x0000000748d00000|  0%| F|  |TAMS 0x0000000748c00000, 0x0000000748c00000| Untracked 
| 119|0x0000000748d00000, 0x0000000748d00000, 0x0000000748e00000|  0%| F|  |TAMS 0x0000000748d00000, 0x0000000748d00000| Untracked 
| 120|0x0000000748e00000, 0x0000000748e00000, 0x0000000748f00000|  0%| F|  |TAMS 0x0000000748e00000, 0x0000000748e00000| Untracked 
| 121|0x0000000748f00000, 0x0000000748f00000, 0x0000000749000000|  0%| F|  |TAMS 0x0000000748f00000, 0x0000000748f00000| Untracked 
| 122|0x0000000749000000, 0x0000000749000000, 0x0000000749100000|  0%| F|  |TAMS 0x0000000749000000, 0x0000000749000000| Untracked 
| 123|0x0000000749100000, 0x0000000749100000, 0x0000000749200000|  0%| F|  |TAMS 0x0000000749100000, 0x0000000749100000| Untracked 
| 124|0x0000000749200000, 0x0000000749200000, 0x0000000749300000|  0%| F|  |TAMS 0x0000000749200000, 0x0000000749200000| Untracked 
| 125|0x0000000749300000, 0x0000000749300000, 0x0000000749400000|  0%| F|  |TAMS 0x0000000749300000, 0x0000000749300000| Untracked 
| 126|0x0000000749400000, 0x0000000749400000, 0x0000000749500000|  0%| F|  |TAMS 0x0000000749400000, 0x0000000749400000| Untracked 
| 127|0x0000000749500000, 0x0000000749500000, 0x0000000749600000|  0%| F|  |TAMS 0x0000000749500000, 0x0000000749500000| Untracked 
| 128|0x0000000749600000, 0x0000000749600000, 0x0000000749700000|  0%| F|  |TAMS 0x0000000749600000, 0x0000000749600000| Untracked 
| 129|0x0000000749700000, 0x00000007497bf7c0, 0x0000000749800000| 74%| S|CS|TAMS 0x0000000749700000, 0x0000000749700000| Complete 
| 130|0x0000000749800000, 0x0000000749900000, 0x0000000749900000|100%| S|CS|TAMS 0x0000000749800000, 0x0000000749800000| Complete 
| 131|0x0000000749900000, 0x0000000749a00000, 0x0000000749a00000|100%| S|CS|TAMS 0x0000000749900000, 0x0000000749900000| Complete 
| 132|0x0000000749a00000, 0x0000000749b00000, 0x0000000749b00000|100%| S|CS|TAMS 0x0000000749a00000, 0x0000000749a00000| Complete 
| 133|0x0000000749b00000, 0x0000000749c00000, 0x0000000749c00000|100%| S|CS|TAMS 0x0000000749b00000, 0x0000000749b00000| Complete 
| 134|0x0000000749c00000, 0x0000000749d00000, 0x0000000749d00000|100%| S|CS|TAMS 0x0000000749c00000, 0x0000000749c00000| Complete 
| 135|0x0000000749d00000, 0x0000000749e00000, 0x0000000749e00000|100%| S|CS|TAMS 0x0000000749d00000, 0x0000000749d00000| Complete 
| 136|0x0000000749e00000, 0x0000000749f00000, 0x0000000749f00000|100%| S|CS|TAMS 0x0000000749e00000, 0x0000000749e00000| Complete 
| 137|0x0000000749f00000, 0x000000074a000000, 0x000000074a000000|100%| S|CS|TAMS 0x0000000749f00000, 0x0000000749f00000| Complete 
| 138|0x000000074a000000, 0x000000074a100000, 0x000000074a100000|100%| S|CS|TAMS 0x000000074a000000, 0x000000074a000000| Complete 
| 139|0x000000074a100000, 0x000000074a200000, 0x000000074a200000|100%| S|CS|TAMS 0x000000074a100000, 0x000000074a100000| Complete 
| 140|0x000000074a200000, 0x000000074a300000, 0x000000074a300000|100%| S|CS|TAMS 0x000000074a200000, 0x000000074a200000| Complete 
| 141|0x000000074a300000, 0x000000074a300000, 0x000000074a400000|  0%| F|  |TAMS 0x000000074a300000, 0x000000074a300000| Untracked 
| 142|0x000000074a400000, 0x000000074a400000, 0x000000074a500000|  0%| F|  |TAMS 0x000000074a400000, 0x000000074a400000| Untracked 
| 143|0x000000074a500000, 0x000000074a500000, 0x000000074a600000|  0%| F|  |TAMS 0x000000074a500000, 0x000000074a500000| Untracked 
| 144|0x000000074a600000, 0x000000074a600000, 0x000000074a700000|  0%| F|  |TAMS 0x000000074a600000, 0x000000074a600000| Untracked 
| 145|0x000000074a700000, 0x000000074a700000, 0x000000074a800000|  0%| F|  |TAMS 0x000000074a700000, 0x000000074a700000| Untracked 
| 146|0x000000074a800000, 0x000000074a800000, 0x000000074a900000|  0%| F|  |TAMS 0x000000074a800000, 0x000000074a800000| Untracked 
| 147|0x000000074a900000, 0x000000074a900000, 0x000000074aa00000|  0%| F|  |TAMS 0x000000074a900000, 0x000000074a900000| Untracked 
| 148|0x000000074aa00000, 0x000000074aa00000, 0x000000074ab00000|  0%| F|  |TAMS 0x000000074aa00000, 0x000000074aa00000| Untracked 
| 149|0x000000074ab00000, 0x000000074ab00000, 0x000000074ac00000|  0%| F|  |TAMS 0x000000074ab00000, 0x000000074ab00000| Untracked 
| 150|0x000000074ac00000, 0x000000074ac00000, 0x000000074ad00000|  0%| F|  |TAMS 0x000000074ac00000, 0x000000074ac00000| Untracked 
| 151|0x000000074ad00000, 0x000000074ad00000, 0x000000074ae00000|  0%| F|  |TAMS 0x000000074ad00000, 0x000000074ad00000| Untracked 
| 152|0x000000074ae00000, 0x000000074ae00000, 0x000000074af00000|  0%| F|  |TAMS 0x000000074ae00000, 0x000000074ae00000| Untracked 
| 153|0x000000074af00000, 0x000000074af80800, 0x000000074b000000| 50%| E|  |TAMS 0x000000074af00000, 0x000000074af00000| Complete 
| 154|0x000000074b000000, 0x000000074b100000, 0x000000074b100000|100%| E|CS|TAMS 0x000000074b000000, 0x000000074b000000| Complete 
| 155|0x000000074b100000, 0x000000074b200000, 0x000000074b200000|100%| E|CS|TAMS 0x000000074b100000, 0x000000074b100000| Complete 
| 156|0x000000074b200000, 0x000000074b300000, 0x000000074b300000|100%| E|CS|TAMS 0x000000074b200000, 0x000000074b200000| Complete 
| 157|0x000000074b300000, 0x000000074b400000, 0x000000074b400000|100%| E|CS|TAMS 0x000000074b300000, 0x000000074b300000| Complete 
| 158|0x000000074b400000, 0x000000074b500000, 0x000000074b500000|100%| E|CS|TAMS 0x000000074b400000, 0x000000074b400000| Complete 
| 159|0x000000074b500000, 0x000000074b600000, 0x000000074b600000|100%| E|CS|TAMS 0x000000074b500000, 0x000000074b500000| Complete 
| 160|0x000000074b600000, 0x000000074b700000, 0x000000074b700000|100%| E|CS|TAMS 0x000000074b600000, 0x000000074b600000| Complete 
| 161|0x000000074b700000, 0x000000074b800000, 0x000000074b800000|100%| E|CS|TAMS 0x000000074b700000, 0x000000074b700000| Complete 
| 162|0x000000074b800000, 0x000000074b900000, 0x000000074b900000|100%| E|CS|TAMS 0x000000074b800000, 0x000000074b800000| Complete 
| 163|0x000000074b900000, 0x000000074ba00000, 0x000000074ba00000|100%| E|CS|TAMS 0x000000074b900000, 0x000000074b900000| Complete 
| 164|0x000000074ba00000, 0x000000074bb00000, 0x000000074bb00000|100%| E|CS|TAMS 0x000000074ba00000, 0x000000074ba00000| Complete 
| 165|0x000000074bb00000, 0x000000074bc00000, 0x000000074bc00000|100%| E|CS|TAMS 0x000000074bb00000, 0x000000074bb00000| Complete 
| 166|0x000000074bc00000, 0x000000074bd00000, 0x000000074bd00000|100%| E|CS|TAMS 0x000000074bc00000, 0x000000074bc00000| Complete 
| 167|0x000000074bd00000, 0x000000074be00000, 0x000000074be00000|100%| E|CS|TAMS 0x000000074bd00000, 0x000000074bd00000| Complete 
| 168|0x000000074be00000, 0x000000074bf00000, 0x000000074bf00000|100%| E|CS|TAMS 0x000000074be00000, 0x000000074be00000| Complete 
| 169|0x000000074bf00000, 0x000000074c000000, 0x000000074c000000|100%| E|CS|TAMS 0x000000074bf00000, 0x000000074bf00000| Complete 
| 170|0x000000074c000000, 0x000000074c100000, 0x000000074c100000|100%| E|CS|TAMS 0x000000074c000000, 0x000000074c000000| Complete 
| 171|0x000000074c100000, 0x000000074c200000, 0x000000074c200000|100%| E|CS|TAMS 0x000000074c100000, 0x000000074c100000| Complete 
| 172|0x000000074c200000, 0x000000074c300000, 0x000000074c300000|100%| E|CS|TAMS 0x000000074c200000, 0x000000074c200000| Complete 
| 173|0x000000074c300000, 0x000000074c400000, 0x000000074c400000|100%| E|CS|TAMS 0x000000074c300000, 0x000000074c300000| Complete 
| 174|0x000000074c400000, 0x000000074c500000, 0x000000074c500000|100%| E|CS|TAMS 0x000000074c400000, 0x000000074c400000| Complete 
| 175|0x000000074c500000, 0x000000074c600000, 0x000000074c600000|100%| E|CS|TAMS 0x000000074c500000, 0x000000074c500000| Complete 
| 176|0x000000074c600000, 0x000000074c700000, 0x000000074c700000|100%| E|CS|TAMS 0x000000074c600000, 0x000000074c600000| Complete 
| 177|0x000000074c700000, 0x000000074c800000, 0x000000074c800000|100%| E|CS|TAMS 0x000000074c700000, 0x000000074c700000| Complete 
| 178|0x000000074c800000, 0x000000074c900000, 0x000000074c900000|100%| E|CS|TAMS 0x000000074c800000, 0x000000074c800000| Complete 
| 179|0x000000074c900000, 0x000000074ca00000, 0x000000074ca00000|100%| E|CS|TAMS 0x000000074c900000, 0x000000074c900000| Complete 
| 180|0x000000074ca00000, 0x000000074cb00000, 0x000000074cb00000|100%| E|CS|TAMS 0x000000074ca00000, 0x000000074ca00000| Complete 
| 181|0x000000074cb00000, 0x000000074cc00000, 0x000000074cc00000|100%| E|CS|TAMS 0x000000074cb00000, 0x000000074cb00000| Complete 
| 182|0x000000074cc00000, 0x000000074cd00000, 0x000000074cd00000|100%| E|CS|TAMS 0x000000074cc00000, 0x000000074cc00000| Complete 
| 183|0x000000074cd00000, 0x000000074ce00000, 0x000000074ce00000|100%| E|CS|TAMS 0x000000074cd00000, 0x000000074cd00000| Complete 
| 184|0x000000074ce00000, 0x000000074cf00000, 0x000000074cf00000|100%| E|CS|TAMS 0x000000074ce00000, 0x000000074ce00000| Complete 
| 185|0x000000074cf00000, 0x000000074d000000, 0x000000074d000000|100%| E|CS|TAMS 0x000000074cf00000, 0x000000074cf00000| Complete 
| 186|0x000000074d000000, 0x000000074d100000, 0x000000074d100000|100%| E|CS|TAMS 0x000000074d000000, 0x000000074d000000| Complete 
| 187|0x000000074d100000, 0x000000074d200000, 0x000000074d200000|100%| E|CS|TAMS 0x000000074d100000, 0x000000074d100000| Complete 
| 188|0x000000074d200000, 0x000000074d300000, 0x000000074d300000|100%| E|CS|TAMS 0x000000074d200000, 0x000000074d200000| Complete 
| 189|0x000000074d300000, 0x000000074d400000, 0x000000074d400000|100%| E|CS|TAMS 0x000000074d300000, 0x000000074d300000| Complete 
| 190|0x000000074d400000, 0x000000074d500000, 0x000000074d500000|100%| E|CS|TAMS 0x000000074d400000, 0x000000074d400000| Complete 
| 191|0x000000074d500000, 0x000000074d600000, 0x000000074d600000|100%| E|CS|TAMS 0x000000074d500000, 0x000000074d500000| Complete 
| 192|0x000000074d600000, 0x000000074d700000, 0x000000074d700000|100%| E|CS|TAMS 0x000000074d600000, 0x000000074d600000| Complete 
| 193|0x000000074d700000, 0x000000074d800000, 0x000000074d800000|100%| E|CS|TAMS 0x000000074d700000, 0x000000074d700000| Complete 
| 194|0x000000074d800000, 0x000000074d900000, 0x000000074d900000|100%| E|CS|TAMS 0x000000074d800000, 0x000000074d800000| Complete 
| 195|0x000000074d900000, 0x000000074da00000, 0x000000074da00000|100%| E|CS|TAMS 0x000000074d900000, 0x000000074d900000| Complete 
| 196|0x000000074da00000, 0x000000074db00000, 0x000000074db00000|100%| E|CS|TAMS 0x000000074da00000, 0x000000074da00000| Complete 
| 197|0x000000074db00000, 0x000000074dc00000, 0x000000074dc00000|100%| E|CS|TAMS 0x000000074db00000, 0x000000074db00000| Complete 
| 198|0x000000074dc00000, 0x000000074dd00000, 0x000000074dd00000|100%| E|CS|TAMS 0x000000074dc00000, 0x000000074dc00000| Complete 
| 199|0x000000074dd00000, 0x000000074de00000, 0x000000074de00000|100%| E|CS|TAMS 0x000000074dd00000, 0x000000074dd00000| Complete 
| 200|0x000000074de00000, 0x000000074df00000, 0x000000074df00000|100%| E|CS|TAMS 0x000000074de00000, 0x000000074de00000| Complete 
| 201|0x000000074df00000, 0x000000074e000000, 0x000000074e000000|100%| E|CS|TAMS 0x000000074df00000, 0x000000074df00000| Complete 
| 202|0x000000074e000000, 0x000000074e100000, 0x000000074e100000|100%| E|CS|TAMS 0x000000074e000000, 0x000000074e000000| Complete 
| 203|0x000000074e100000, 0x000000074e200000, 0x000000074e200000|100%| E|CS|TAMS 0x000000074e100000, 0x000000074e100000| Complete 
| 204|0x000000074e200000, 0x000000074e300000, 0x000000074e300000|100%| E|CS|TAMS 0x000000074e200000, 0x000000074e200000| Complete 
| 205|0x000000074e300000, 0x000000074e400000, 0x000000074e400000|100%| E|CS|TAMS 0x000000074e300000, 0x000000074e300000| Complete 
| 206|0x000000074e400000, 0x000000074e500000, 0x000000074e500000|100%| E|CS|TAMS 0x000000074e400000, 0x000000074e400000| Complete 
| 207|0x000000074e500000, 0x000000074e600000, 0x000000074e600000|100%| E|CS|TAMS 0x000000074e500000, 0x000000074e500000| Complete 
| 208|0x000000074e600000, 0x000000074e700000, 0x000000074e700000|100%| E|CS|TAMS 0x000000074e600000, 0x000000074e600000| Complete 
| 209|0x000000074e700000, 0x000000074e800000, 0x000000074e800000|100%| E|CS|TAMS 0x000000074e700000, 0x000000074e700000| Complete 
| 210|0x000000074e800000, 0x000000074e900000, 0x000000074e900000|100%| E|CS|TAMS 0x000000074e800000, 0x000000074e800000| Complete 
| 211|0x000000074e900000, 0x000000074ea00000, 0x000000074ea00000|100%| E|CS|TAMS 0x000000074e900000, 0x000000074e900000| Complete 
| 212|0x000000074ea00000, 0x000000074eb00000, 0x000000074eb00000|100%| E|CS|TAMS 0x000000074ea00000, 0x000000074ea00000| Complete 
| 213|0x000000074eb00000, 0x000000074ec00000, 0x000000074ec00000|100%| E|CS|TAMS 0x000000074eb00000, 0x000000074eb00000| Complete 
| 214|0x000000074ec00000, 0x000000074ed00000, 0x000000074ed00000|100%| E|CS|TAMS 0x000000074ec00000, 0x000000074ec00000| Complete 
| 215|0x000000074ed00000, 0x000000074ee00000, 0x000000074ee00000|100%| E|CS|TAMS 0x000000074ed00000, 0x000000074ed00000| Complete 
| 216|0x000000074ee00000, 0x000000074ef00000, 0x000000074ef00000|100%| E|CS|TAMS 0x000000074ee00000, 0x000000074ee00000| Complete 
| 217|0x000000074ef00000, 0x000000074f000000, 0x000000074f000000|100%| E|CS|TAMS 0x000000074ef00000, 0x000000074ef00000| Complete 
| 218|0x000000074f000000, 0x000000074f100000, 0x000000074f100000|100%| E|CS|TAMS 0x000000074f000000, 0x000000074f000000| Complete 
| 219|0x000000074f100000, 0x000000074f200000, 0x000000074f200000|100%| E|CS|TAMS 0x000000074f100000, 0x000000074f100000| Complete 
| 220|0x000000074f200000, 0x000000074f300000, 0x000000074f300000|100%| E|CS|TAMS 0x000000074f200000, 0x000000074f200000| Complete 
| 221|0x000000074f300000, 0x000000074f400000, 0x000000074f400000|100%| E|CS|TAMS 0x000000074f300000, 0x000000074f300000| Complete 
| 222|0x000000074f400000, 0x000000074f500000, 0x000000074f500000|100%| E|CS|TAMS 0x000000074f400000, 0x000000074f400000| Complete 
| 223|0x000000074f500000, 0x000000074f600000, 0x000000074f600000|100%| E|CS|TAMS 0x000000074f500000, 0x000000074f500000| Complete 
| 224|0x000000074f600000, 0x000000074f700000, 0x000000074f700000|100%| E|CS|TAMS 0x000000074f600000, 0x000000074f600000| Complete 
| 225|0x000000074f700000, 0x000000074f800000, 0x000000074f800000|100%| E|CS|TAMS 0x000000074f700000, 0x000000074f700000| Complete 
| 226|0x000000074f800000, 0x000000074f900000, 0x000000074f900000|100%| E|CS|TAMS 0x000000074f800000, 0x000000074f800000| Complete 
| 227|0x000000074f900000, 0x000000074fa00000, 0x000000074fa00000|100%| E|CS|TAMS 0x000000074f900000, 0x000000074f900000| Complete 
| 228|0x000000074fa00000, 0x000000074fb00000, 0x000000074fb00000|100%| E|CS|TAMS 0x000000074fa00000, 0x000000074fa00000| Complete 
| 229|0x000000074fb00000, 0x000000074fc00000, 0x000000074fc00000|100%| E|CS|TAMS 0x000000074fb00000, 0x000000074fb00000| Complete 
| 230|0x000000074fc00000, 0x000000074fd00000, 0x000000074fd00000|100%| E|CS|TAMS 0x000000074fc00000, 0x000000074fc00000| Complete 

Card table byte_map: [0x0000029643f00000,0x0000029644500000] _byte_map_base: 0x00000296404f5000

Marking Bits (Prev, Next): (CMBitMap*) 0x000002962c4916d0, (CMBitMap*) 0x000002962c491698
 Prev Bits: [0x0000029647ab0000, 0x000002964aa58000)
 Next Bits: [0x0000029644b00000, 0x0000029647aa8000)

Polling page: 0x000002962bc20000

Metaspace:

Usage:
  Non-class:     59.02 MB capacity,    58.02 MB ( 98%) used,   815.03 KB (  1%) free+waste,   211.81 KB ( <1%) overhead. 
      Class:      8.94 MB capacity,     8.29 MB ( 93%) used,   568.70 KB (  6%) free+waste,    98.19 KB (  1%) overhead. 
       Both:     67.96 MB capacity,    66.31 MB ( 98%) used,     1.35 MB (  2%) free+waste,   310.00 KB ( <1%) overhead. 

Virtual space:
  Non-class space:       60.00 MB reserved,      59.09 MB ( 98%) committed 
      Class space:        1.00 GB reserved,       9.07 MB ( <1%) committed 
             Both:        1.06 GB reserved,      68.16 MB (  6%) committed 

Chunk freelists:
   Non-Class:  384 bytes
       Class:  3.25 KB
        Both:  3.63 KB

CodeHeap 'non-profiled nmethods': size=120064Kb used=3352Kb max_used=3352Kb free=116711Kb
 bounds [0x000002963c3c0000, 0x000002963c710000, 0x0000029643900000]
CodeHeap 'profiled nmethods': size=120000Kb used=11358Kb max_used=11358Kb free=108641Kb
 bounds [0x0000029634e90000, 0x00000296359b0000, 0x000002963c3c0000]
CodeHeap 'non-nmethods': size=5696Kb used=1240Kb max_used=1291Kb free=4455Kb
 bounds [0x0000029634900000, 0x0000029634b70000, 0x0000029634e90000]
 total_blobs=5742 nmethods=5132 adapters=521
 compilation: enabled
              stopped_count=0, restarted_count=0
 full_count=0

Compilation events (10 events):
Event: 35.444 Thread 0x000002964d801000 5197       3       org.h2.mvstore.MVMap::rewrite (210 bytes)
Event: 35.445 Thread 0x000002964d801000 nmethod 5197 0x00000296359a3310 code [0x00000296359a36a0, 0x00000296359a5378]
Event: 35.445 Thread 0x000002964d801000 5198   !   3       org.h2.mvstore.MVMap::rewrite (97 bytes)
Event: 35.446 Thread 0x000002964d801000 nmethod 5198 0x00000296359a5d10 code [0x00000296359a5fc0, 0x00000296359a6c88]
Event: 35.468 Thread 0x0000029653c95000 nmethod 5186 0x000002963c6fe910 code [0x000002963c6febc0, 0x000002963c7001b8]
Event: 35.468 Thread 0x0000029653c95000 5177       4       org.h2.mvstore.MVMap::getRoot (11 bytes)
Event: 35.469 Thread 0x0000029653c95000 nmethod 5177 0x000002963c700e90 code [0x000002963c701020, 0x000002963c7010b8]
Event: 35.469 Thread 0x0000029653c95000 5185       4       sun.net.www.protocol.jar.Handler::parseURL (212 bytes)
Event: 35.497 Thread 0x000002964d801000 5199       3       org.h2.mvstore.DataUtils::appendMap (14 bytes)
Event: 35.498 Thread 0x000002964d801000 nmethod 5199 0x00000296359a7210 code [0x00000296359a7420, 0x00000296359a7928]

GC Heap History (10 events):
Event: 3.084 GC heap before
{Heap before GC invocations=5 (full 0):
 garbage-first heap   total 196608K, used 49359K [0x0000000741600000, 0x0000000800000000)
  region size 1024K, 43 young (44032K), 3 survivors (3072K)
 Metaspace       used 24443K, capacity 25054K, committed 25264K, reserved 1071104K
  class space    used 2731K, capacity 2968K, committed 3072K, reserved 1048576K
}
Event: 3.090 GC heap after
{Heap after GC invocations=6 (full 0):
 garbage-first heap   total 196608K, used 10410K [0x0000000741600000, 0x0000000800000000)
  region size 1024K, 4 young (4096K), 4 survivors (4096K)
 Metaspace       used 24443K, capacity 25054K, committed 25264K, reserved 1071104K
  class space    used 2731K, capacity 2968K, committed 3072K, reserved 1048576K
}
Event: 5.122 GC heap before
{Heap before GC invocations=6 (full 0):
 garbage-first heap   total 196608K, used 76970K [0x0000000741600000, 0x0000000800000000)
  region size 1024K, 70 young (71680K), 4 survivors (4096K)
 Metaspace       used 30101K, capacity 30865K, committed 31152K, reserved 1077248K
  class space    used 3427K, capacity 3724K, committed 3840K, reserved 1048576K
}
Event: 5.131 GC heap after
{Heap after GC invocations=7 (full 0):
 garbage-first heap   total 196608K, used 12768K [0x0000000741600000, 0x0000000800000000)
  region size 1024K, 6 young (6144K), 6 survivors (6144K)
 Metaspace       used 30101K, capacity 30865K, committed 31152K, reserved 1077248K
  class space    used 3427K, capacity 3724K, committed 3840K, reserved 1048576K
}
Event: 6.607 GC heap before
{Heap before GC invocations=7 (full 0):
 garbage-first heap   total 196608K, used 40416K [0x0000000741600000, 0x0000000800000000)
  region size 1024K, 34 young (34816K), 6 survivors (6144K)
 Metaspace       used 34573K, capacity 35597K, committed 35708K, reserved 1081344K
  class space    used 4036K, capacity 4483K, committed 4556K, reserved 1048576K
}
Event: 6.619 GC heap after
{Heap after GC invocations=8 (full 0):
 garbage-first heap   total 236544K, used 15333K [0x0000000741600000, 0x0000000800000000)
  region size 1024K, 9 young (9216K), 9 survivors (9216K)
 Metaspace       used 34573K, capacity 35597K, committed 35708K, reserved 1081344K
  class space    used 4036K, capacity 4483K, committed 4556K, reserved 1048576K
}
Event: 8.198 GC heap before
{Heap before GC invocations=9 (full 0):
 garbage-first heap   total 236544K, used 112613K [0x0000000741600000, 0x0000000800000000)
  region size 1024K, 103 young (105472K), 9 survivors (9216K)
 Metaspace       used 44355K, capacity 45393K, committed 45692K, reserved 1089536K
  class space    used 5281K, capacity 5719K, committed 5836K, reserved 1048576K
}
Event: 8.212 GC heap after
{Heap after GC invocations=10 (full 0):
 garbage-first heap   total 236544K, used 19681K [0x0000000741600000, 0x0000000800000000)
  region size 1024K, 9 young (9216K), 9 survivors (9216K)
 Metaspace       used 44355K, capacity 45393K, committed 45692K, reserved 1089536K
  class space    used 5281K, capacity 5719K, committed 5836K, reserved 1048576K
}
Event: 10.588 GC heap before
{Heap before GC invocations=10 (full 0):
 garbage-first heap   total 236544K, used 110817K [0x0000000741600000, 0x0000000800000000)
  region size 1024K, 99 young (101376K), 9 survivors (9216K)
 Metaspace       used 58491K, capacity 59836K, committed 59940K, reserved 1101824K
  class space    used 7297K, capacity 7824K, committed 7884K, reserved 1048576K
}
Event: 10.604 GC heap after
{Heap after GC invocations=11 (full 0):
 garbage-first heap   total 236544K, used 22801K [0x0000000741600000, 0x0000000800000000)
  region size 1024K, 12 young (12288K), 12 survivors (12288K)
 Metaspace       used 58491K, capacity 59836K, committed 59940K, reserved 1101824K
  class space    used 7297K, capacity 7824K, committed 7884K, reserved 1048576K
}

Deoptimization events (10 events):
Event: 26.875 Thread 0x000002964dcdc000 Uncommon trap: reason=class_check action=maybe_recompile pc=0x000002963c6926f8 method=org.springframework.core.annotation.AnnotationsScanner.processMethodHierarchy(Ljava/lang/Object;[ILjava/lang/Class;Lorg/springframework/core/annotation/AnnotationsProces
Event: 26.876 Thread 0x000002964dcdc000 Uncommon trap: reason=class_check action=maybe_recompile pc=0x000002963c6926f8 method=org.springframework.core.annotation.AnnotationsScanner.processMethodHierarchy(Ljava/lang/Object;[ILjava/lang/Class;Lorg/springframework/core/annotation/AnnotationsProces
Event: 26.876 Thread 0x000002964dcdc000 Uncommon trap: reason=class_check action=maybe_recompile pc=0x000002963c6926f8 method=org.springframework.core.annotation.AnnotationsScanner.processMethodHierarchy(Ljava/lang/Object;[ILjava/lang/Class;Lorg/springframework/core/annotation/AnnotationsProces
Event: 27.001 Thread 0x000002964dcdc000 Uncommon trap: reason=class_check action=maybe_recompile pc=0x000002963c6ce9e0 method=java.util.concurrent.ConcurrentHashMap.putVal(Ljava/lang/Object;Ljava/lang/Object;Z)Ljava/lang/Object; @ 159 c2
Event: 27.001 Thread 0x000002964dcdc000 Uncommon trap: reason=class_check action=maybe_recompile pc=0x000002963c6ce9e0 method=java.util.concurrent.ConcurrentHashMap.putVal(Ljava/lang/Object;Ljava/lang/Object;Z)Ljava/lang/Object; @ 159 c2
Event: 28.277 Thread 0x000002964dce0000 Uncommon trap: reason=speculate_class_check action=maybe_recompile pc=0x000002963c6df9a8 method=java.lang.ThreadLocal.setInitialValue()Ljava/lang/Object; @ 35 c2
Event: 28.277 Thread 0x000002964dce0000 Uncommon trap: reason=speculate_class_check action=maybe_recompile pc=0x000002963c6df9a8 method=java.lang.ThreadLocal.setInitialValue()Ljava/lang/Object; @ 35 c2
Event: 28.278 Thread 0x000002964dce0000 Uncommon trap: reason=speculate_class_check action=maybe_recompile pc=0x000002963c6df9a8 method=java.lang.ThreadLocal.setInitialValue()Ljava/lang/Object; @ 35 c2
Event: 28.281 Thread 0x000002964dce0000 Uncommon trap: reason=speculate_class_check action=maybe_recompile pc=0x000002963c6df9a8 method=java.lang.ThreadLocal.setInitialValue()Ljava/lang/Object; @ 35 c2
Event: 35.190 Thread 0x000002964dcda800 Uncommon trap: reason=unstable_if action=reinterpret pc=0x000002963c490440 method=java.nio.Buffer.<init>(IIII)V @ 44 c2

Classes redefined (0 events):
No events

Internal exceptions (10 events):
Event: 11.423 Thread 0x000002962c442000 Exception <a 'java/lang/NoSuchMethodError'{0x000000074d866d00}: java.lang.invoke.DirectMethodHandle$Holder.invokeVirtual(Ljava/lang/Object;Ljava/lang/Object;J)V> (0x000000074d866d00) thrown at [./open/src/hotspot/share/interpreter/linkResolver.cpp, line 7
Event: 11.645 Thread 0x000002962c442000 Exception <a 'java/lang/IncompatibleClassChangeError'{0x000000074d18dc50}: Found class java.lang.Object, but interface was expected> (0x000000074d18dc50) thrown at [./open/src/hotspot/share/interpreter/linkResolver.cpp, line 838]
Event: 11.711 Thread 0x000002962c442000 Exception <a 'java/lang/NoSuchMethodError'{0x000000074cf41f88}: java.lang.invoke.DirectMethodHandle$Holder.invokeStaticInit(Ljava/lang/Object;Ljava/lang/Object;Ljava/lang/Object;Ljava/lang/Object;)I> (0x000000074cf41f88) thrown at [./open/src/hotspot/shar
Event: 11.927 Thread 0x000002962c442000 Exception <a 'java/lang/NoSuchMethodError'{0x000000074c8723d0}: java.lang.invoke.DirectMethodHandle$Holder.invokeSpecial(Ljava/lang/Object;Ljava/lang/Object;ILjava/lang/Object;ILjava/lang/Object;)Ljava/lang/Object;> (0x000000074c8723d0) thrown at [./open/
Event: 11.927 Thread 0x000002962c442000 Exception <a 'java/lang/NoSuchMethodError'{0x000000074c8798b0}: java.lang.invoke.DirectMethodHandle$Holder.invokeStatic(Ljava/lang/Object;Ljava/lang/Object;ILjava/lang/Object;I)Ljava/lang/Object;> (0x000000074c8798b0) thrown at [./open/src/hotspot/share/i
Event: 11.928 Thread 0x000002962c442000 Exception <a 'java/lang/NoSuchMethodError'{0x000000074c87d088}: java.lang.invoke.DirectMethodHandle$Holder.invokeSpecial(Ljava/lang/Object;Ljava/lang/Object;Ljava/lang/Object;ILjava/lang/Object;I)Ljava/lang/Object;> (0x000000074c87d088) thrown at [./open/
Event: 11.930 Thread 0x000002962c442000 Exception <a 'java/lang/NoSuchMethodError'{0x000000074c8889d0}: java.lang.invoke.DirectMethodHandle$Holder.invokeVirtual(Ljava/lang/Object;Ljava/lang/Object;)V> (0x000000074c8889d0) thrown at [./open/src/hotspot/share/interpreter/linkResolver.cpp, line 77
Event: 26.966 Thread 0x000002964dcdc000 Exception <a 'java/lang/NoSuchMethodError'{0x000000074b95b680}: java.lang.invoke.DirectMethodHandle$Holder.invokeInterface(Ljava/lang/Object;Ljava/lang/Object;Ljava/lang/Object;Ljava/lang/Object;)Ljava/lang/Object;> (0x000000074b95b680) thrown at [./open/
Event: 35.309 Thread 0x000002964dcda800 Exception <a 'java/lang/ClassNotFoundException'{0x000000074b3b48c0}: java/lang/ObjectCustomizer> (0x000000074b3b48c0) thrown at [./open/src/hotspot/share/classfile/systemDictionary.cpp, line 228]
Event: 35.311 Thread 0x000002964dcda800 Exception <a 'java/lang/ClassNotFoundException'{0x000000074b3c64a0}: com/dh/clinica/entity/OdontologoCustomizer> (0x000000074b3c64a0) thrown at [./open/src/hotspot/share/classfile/systemDictionary.cpp, line 228]

Events (10 events):
Event: 35.415 Executing VM operation: RevokeBias done
Event: 35.417 Thread 0x0000029653c95000 Thread added: 0x0000029653c95000
Event: 35.424 loading class org/h2/mvstore/Chunk$PositionComparator
Event: 35.424 loading class org/h2/mvstore/Chunk$PositionComparator done
Event: 35.427 loading class org/hibernate/engine/spi/SharedSessionContractImplementor
Event: 35.427 loading class org/hibernate/engine/spi/SharedSessionContractImplementor done
Event: 35.427 loading class org/hibernate/engine/spi/SharedSessionContractImplementor
Event: 35.427 loading class org/hibernate/engine/spi/SharedSessionContractImplementor done
Event: 35.428 loading class org/hibernate/internal/util/collections/IdentityMap$IdentityKey
Event: 35.428 loading class org/hibernate/internal/util/collections/IdentityMap$IdentityKey done


Dynamic libraries:
0x00007ff715190000 - 0x00007ff71519f000 	C:\Program Files\Java\jdk-11.0.12\bin\java.exe
0x00007ffff54d0000 - 0x00007ffff56c5000 	C:\WINDOWS\SYSTEM32\ntdll.dll
0x00007ffff3ea0000 - 0x00007ffff3f5e000 	C:\WINDOWS\System32\KERNEL32.DLL
0x00007ffff31b0000 - 0x00007ffff3478000 	C:\WINDOWS\System32\KERNELBASE.dll
0x00007ffff2db0000 - 0x00007ffff2eb0000 	C:\WINDOWS\System32\ucrtbase.dll
0x00007fffee710000 - 0x00007fffee728000 	C:\Program Files\Java\jdk-11.0.12\bin\jli.dll
0x00007fffee730000 - 0x00007fffee745000 	C:\Program Files\Java\jdk-11.0.12\bin\VCRUNTIME140.dll
0x00007ffff4260000 - 0x00007ffff430e000 	C:\WINDOWS\System32\ADVAPI32.dll
0x00007ffff41c0000 - 0x00007ffff425e000 	C:\WINDOWS\System32\msvcrt.dll
0x00007ffff3d70000 - 0x00007ffff3e0c000 	C:\WINDOWS\System32\sechost.dll
0x00007ffff5350000 - 0x00007ffff5475000 	C:\WINDOWS\System32\RPCRT4.dll
0x00007ffff4780000 - 0x00007ffff4920000 	C:\WINDOWS\System32\USER32.dll
0x00007ffff2bf0000 - 0x00007ffff2c12000 	C:\WINDOWS\System32\win32u.dll
0x00007ffff4bc0000 - 0x00007ffff4bea000 	C:\WINDOWS\System32\GDI32.dll
0x00007ffff3030000 - 0x00007ffff313b000 	C:\WINDOWS\System32\gdi32full.dll
0x00007ffff2eb0000 - 0x00007ffff2f4d000 	C:\WINDOWS\System32\msvcp_win.dll
0x00007fffe16a0000 - 0x00007fffe193a000 	C:\WINDOWS\WinSxS\amd64_microsoft.windows.common-controls_6595b64144ccf1df_6.0.19041.1110_none_60b5254171f9507e\COMCTL32.dll
0x00007fffe3880000 - 0x00007fffe388a000 	C:\WINDOWS\SYSTEM32\VERSION.dll
0x00007ffff3e70000 - 0x00007ffff3ea0000 	C:\WINDOWS\System32\IMM32.DLL
0x00007fffea890000 - 0x00007fffea92b000 	C:\Program Files\Java\jdk-11.0.12\bin\msvcp140.dll
0x00007fffa88d0000 - 0x00007fffa93cf000 	C:\Program Files\Java\jdk-11.0.12\bin\server\jvm.dll
0x00007ffff4bf0000 - 0x00007ffff4bf8000 	C:\WINDOWS\System32\PSAPI.DLL
0x00007fffedad0000 - 0x00007fffedad9000 	C:\WINDOWS\SYSTEM32\WSOCK32.dll
0x00007ffff3f60000 - 0x00007ffff3fcb000 	C:\WINDOWS\System32\WS2_32.dll
0x00007fffd3f00000 - 0x00007fffd3f27000 	C:\WINDOWS\SYSTEM32\WINMM.dll
0x00007ffff0ad0000 - 0x00007ffff0ae2000 	C:\WINDOWS\SYSTEM32\kernel.appcore.dll
0x00007fffeea70000 - 0x00007fffeea80000 	C:\Program Files\Java\jdk-11.0.12\bin\verify.dll
0x00007fffdead0000 - 0x00007fffdecb4000 	C:\WINDOWS\SYSTEM32\DBGHELP.DLL
0x00007fffdeaa0000 - 0x00007fffdeacc000 	C:\WINDOWS\SYSTEM32\dbgcore.DLL
0x00007ffff2f50000 - 0x00007ffff2fd2000 	C:\WINDOWS\System32\bcryptPrimitives.dll
0x00007fffea860000 - 0x00007fffea888000 	C:\Program Files\Java\jdk-11.0.12\bin\java.dll
0x00007fffee470000 - 0x00007fffee47a000 	C:\Program Files\Java\jdk-11.0.12\bin\jimage.dll
0x00007fffee460000 - 0x00007fffee46e000 	C:\Program Files\Java\jdk-11.0.12\bin\instrument.dll
0x00007fffee1b0000 - 0x00007fffee1c6000 	C:\Program Files\Java\jdk-11.0.12\bin\zip.dll
0x00007ffff4c00000 - 0x00007ffff5344000 	C:\WINDOWS\System32\SHELL32.dll
0x00007ffff0cd0000 - 0x00007ffff1464000 	C:\WINDOWS\SYSTEM32\windows.storage.dll
0x00007ffff3530000 - 0x00007ffff3884000 	C:\WINDOWS\System32\combase.dll
0x00007ffff2580000 - 0x00007ffff25ac000 	C:\WINDOWS\SYSTEM32\Wldp.dll
0x00007ffff4b00000 - 0x00007ffff4bad000 	C:\WINDOWS\System32\SHCORE.dll
0x00007ffff3e10000 - 0x00007ffff3e65000 	C:\WINDOWS\System32\shlwapi.dll
0x00007ffff2b30000 - 0x00007ffff2b4f000 	C:\WINDOWS\SYSTEM32\profapi.dll
0x00007fffea970000 - 0x00007fffea989000 	C:\Program Files\Java\jdk-11.0.12\bin\net.dll
0x00007fffeab40000 - 0x00007fffeac4a000 	C:\WINDOWS\SYSTEM32\WINHTTP.dll
0x00007ffff2360000 - 0x00007ffff23ca000 	C:\WINDOWS\system32\mswsock.dll
0x00007fffea840000 - 0x00007fffea852000 	C:\Program Files\Java\jdk-11.0.12\bin\nio.dll
0x00007fffed030000 - 0x00007fffed04a000 	C:\Program Files\JetBrains\IntelliJ IDEA Community Edition 2021.2.1\bin\breakgen64.dll
0x00007fffedec0000 - 0x00007fffedec9000 	C:\Program Files\Java\jdk-11.0.12\bin\management.dll
0x00007fffea830000 - 0x00007fffea83b000 	C:\Program Files\Java\jdk-11.0.12\bin\management_ext.dll
0x00007fffd8360000 - 0x00007fffd8377000 	C:\WINDOWS\system32\napinsp.dll
0x00007fffd8180000 - 0x00007fffd819b000 	C:\WINDOWS\system32\pnrpnsp.dll
0x00007fffd7f70000 - 0x00007fffd7f85000 	C:\WINDOWS\system32\wshbth.dll
0x00007fffee990000 - 0x00007fffee9ad000 	C:\WINDOWS\system32\NLAapi.dll
0x00007ffff2020000 - 0x00007ffff205b000 	C:\WINDOWS\SYSTEM32\IPHLPAPI.DLL
0x00007ffff2070000 - 0x00007ffff213b000 	C:\WINDOWS\SYSTEM32\DNSAPI.dll
0x00007ffff5480000 - 0x00007ffff5488000 	C:\WINDOWS\System32\NSI.dll
0x00007fffd7f50000 - 0x00007fffd7f62000 	C:\WINDOWS\System32\winrnr.dll
0x00007fffe58a0000 - 0x00007fffe58aa000 	C:\Windows\System32\rasadhlp.dll
0x00007fffeaa40000 - 0x00007fffeaabf000 	C:\WINDOWS\System32\fwpuclnt.dll
0x00007ffff2d80000 - 0x00007ffff2da7000 	C:\WINDOWS\System32\bcrypt.dll
0x00007ffff25c0000 - 0x00007ffff25d8000 	C:\WINDOWS\SYSTEM32\CRYPTSP.dll
0x00007ffff1c90000 - 0x00007ffff1cc4000 	C:\WINDOWS\system32\rsaenh.dll
0x00007ffff2ab0000 - 0x00007ffff2ade000 	C:\WINDOWS\SYSTEM32\USERENV.dll
0x00007ffff24f0000 - 0x00007ffff24fc000 	C:\WINDOWS\SYSTEM32\CRYPTBASE.dll
0x00007fffec730000 - 0x00007fffec747000 	C:\WINDOWS\SYSTEM32\dhcpcsvc6.DLL
0x00007fffec580000 - 0x00007fffec59d000 	C:\WINDOWS\SYSTEM32\dhcpcsvc.DLL

dbghelp: loaded successfully - version: 4.0.5 - missing functions: none
symbol engine: initialized successfully - sym options: 0x614 - pdb path: .;C:\Program Files\Java\jdk-11.0.12\bin;C:\WINDOWS\SYSTEM32;C:\WINDOWS\WinSxS\amd64_microsoft.windows.common-controls_6595b64144ccf1df_6.0.19041.1110_none_60b5254171f9507e;C:\Program Files\Java\jdk-11.0.12\bin\server;C:\Program Files\JetBrains\IntelliJ IDEA Community Edition 2021.2.1\bin

VM Arguments:
jvm_args: -javaagent:C:\Program Files\JetBrains\IntelliJ IDEA Community Edition 2021.2.1\lib\idea_rt.jar=64575:C:\Program Files\JetBrains\IntelliJ IDEA Community Edition 2021.2.1\bin -Dfile.encoding=UTF-8 
java_command: com.dh.clinica.ClinicaOdontologicaApplication
java_class_path (initial): C:\Users\Usuario\Documents\Akademie\Desarrollo\Certified Tech Developer\bimestres\3\backEnd1\clases\3-frameworkAgil\clinica-odontologica\target\classes;C:\Users\Usuario\.m2\repository\org\springframework\boot\spring-boot-starter-thymeleaf\2.5.3\spring-boot-starter-thymeleaf-2.5.3.jar;C:\Users\Usuario\.m2\repository\org\springframework\boot\spring-boot-starter\2.5.3\spring-boot-starter-2.5.3.jar;C:\Users\Usuario\.m2\repository\org\springframework\boot\spring-boot\2.5.3\spring-boot-2.5.3.jar;C:\Users\Usuario\.m2\repository\org\springframework\boot\spring-boot-autoconfigure\2.5.3\spring-boot-autoconfigure-2.5.3.jar;C:\Users\Usuario\.m2\repository\org\springframework\boot\spring-boot-starter-logging\2.5.3\spring-boot-starter-logging-2.5.3.jar;C:\Users\Usuario\.m2\repository\ch\qos\logback\logback-classic\1.2.4\logback-classic-1.2.4.jar;C:\Users\Usuario\.m2\repository\ch\qos\logback\logback-core\1.2.4\logback-core-1.2.4.jar;C:\Users\Usuario\.m2\repository\org\apache\logging\log4j\log4j-to-slf4j\2.14.1\log4j-to-slf4j-2.14.1.jar;C:\Users\Usuario\.m2\repository\org\apache\logging\log4j\log4j-api\2.14.1\log4j-api-2.14.1.jar;C:\Users\Usuario\.m2\repository\org\slf4j\jul-to-slf4j\1.7.32\jul-to-slf4j-1.7.32.jar;C:\Users\Usuario\.m2\repository\jakarta\annotation\jakarta.annotation-api\1.3.5\jakarta.annotation-api-1.3.5.jar;C:\Users\Usuario\.m2\repository\org\yaml\snakeyaml\1.28\snakeyaml-1.28.jar;C:\Users\Usuario\.m2\repository\org\thymeleaf\thymeleaf-spring5\3.0.12.RELEASE\thymeleaf-spring5-3.0.12.RELEASE.jar;C:\Users\Usuario\.m2\repository\org\thymeleaf\thymeleaf\3.0.12.RELEASE\thymeleaf-3.0.12.RELEASE.jar;C:\Users\Usuario\.m2\repository\org\attoparser\attoparser\2.0.5.RELEASE\attoparser-2.0.5.RELEASE.jar;C:\Users\Usuario\.m2\repository\org\unbescape\unbescape\1.1.6.RELEASE\unbescape-1.1.6.RELEASE.jar;C:\Users\Usuario\.m2\repository\org\slf4j\slf4j-api\1.7.32\slf4j-api-1.7.32.jar;C:\Users\Usuario\.m2\repository\org\thymeleaf\extras\thymeleaf-extras
Launcher Type: SUN_STANDARD

[Global flags]
     intx CICompilerCount                          = 3                                         {product} {ergonomic}
     uint ConcGCThreads                            = 1                                         {product} {ergonomic}
     uint G1ConcRefinementThreads                  = 4                                         {product} {ergonomic}
   size_t G1HeapRegionSize                         = 1048576                                   {product} {ergonomic}
    uintx GCDrainStackTargetSize                   = 64                                        {product} {ergonomic}
   size_t InitialHeapSize                          = 201326592                                 {product} {ergonomic}
   size_t MarkStackSize                            = 4194304                                   {product} {ergonomic}
   size_t MaxHeapSize                              = 3198156800                                {product} {ergonomic}
   size_t MaxNewSize                               = 1918894080                                {product} {ergonomic}
   size_t MinHeapDeltaBytes                        = 1048576                                   {product} {ergonomic}
    uintx NonNMethodCodeHeapSize                   = 5830732                                {pd product} {ergonomic}
    uintx NonProfiledCodeHeapSize                  = 122913754                              {pd product} {ergonomic}
    uintx ProfiledCodeHeapSize                     = 122913754                              {pd product} {ergonomic}
    uintx ReservedCodeCacheSize                    = 251658240                              {pd product} {ergonomic}
     bool SegmentedCodeCache                       = true                                      {product} {ergonomic}
     bool UseCompressedClassPointers               = true                                 {lp64_product} {ergonomic}
     bool UseCompressedOops                        = true                                 {lp64_product} {ergonomic}
     bool UseG1GC                                  = true                                      {product} {ergonomic}
     bool UseLargePagesIndividualAllocation        = false                                  {pd product} {ergonomic}

Logging:
Log output configuration:
 #0: stdout all=warning uptime,level,tags
 #1: stderr all=off uptime,level,tags

Environment Variables:
JAVA_HOME=C:\Program Files\Java\jdk-11.0.12
PATH=C:\Gradle\gradle-7.3.3\bin;C:\Users\Usuario\AppData\Local\Android\Sdk\tools;C:\Users\Usuario\AppData\Local\Android\Sdk\platform-tools;C:\Program Files\Docker\Docker\resources\bin;C:\ProgramData\DockerDesktop\version-bin;C:\Program Files\nodejs\;C:\ProgramData\chocolatey\bin;C:\Program Files\Git\cmd;C:\WINDOWS\system32;C:\Windows\System32\WindowsPowerShell\v1.0;C:\HashiCorp\Vagrant\bin;C:\Program Files\Oracle\VirtualBox;C:\Program Files\Java\jdk-11.0.12\bin;C:\Program Files\Amazon\AWSCLIV2\;C:\Terraform\;C:\Program Files (x86)\Yarn\bin\;C:\Users\Usuario\AppData\Local\Programs\Python\Python39\Scripts\;C:\Users\Usuario\AppData\Local\Programs\Python\Python39\;C:\Users\Usuario\AppData\Local\Microsoft\WindowsApps;C:\Users\Usuario\AppData\Local\Programs\Microsoft VS Code\bin;C:\Users\Usuario\AppData\Roaming\npm;C:\HashiCorp\Vagrant\bin;C:\Users\Usuario\AppData\Local\Yarn\bin
USERNAME=Usuario
OS=Windows_NT
PROCESSOR_IDENTIFIER=Intel64 Family 6 Model 60 Stepping 3, GenuineIntel



---------------  S Y S T E M  ---------------

OS: Windows 10 , 64 bit Build 19041 (10.0.19041.1645)
Hyper-V role detected

CPU:total 4 (initial active 4) (2 cores per cpu, 2 threads per core) family 6 model 60 stepping 3 microcode 0x27, cmov, cx8, fxsr, mmx, sse, sse2, sse3, ssse3, sse4.1, sse4.2, popcnt, avx, avx2, aes, clmul, erms, lzcnt, ht, tsc, tscinvbit, bmi1, bmi2, fma

Memory: 4k page, system-wide physical 12196M (3016M free)
TotalPageFile size 15268M (AvailPageFile size 4M)
current process WorkingSet (physical memory assigned to process): 304M, peak: 336M
current process commit charge ("private bytes"): 443M, peak: 475M

vm_info: Java HotSpot(TM) 64-Bit Server VM (11.0.12+8-LTS-237) for windows-amd64 JRE (11.0.12+8-LTS-237), built on Jun  8 2021 11:25:59 by "mach5one" with MS VC++ 15.9 (VS2017)

END.
